This file contains any messages produced by compilers while
running configure, to aid debugging if configure makes a mistake.

It was created by ESO Recipe Execution Tool configure 3.13.5, which was
generated by GNU Autoconf 2.71.  Invocation command line was

  $ ./configure --prefix=/diska/home/moonmgr/qllib

## --------- ##
## Platform. ##
## --------- ##

hostname = wmoons
uname -m = x86_64
uname -r = 3.10.0-1062.1.2.el7.x86_64
uname -s = Linux
uname -v = #1 SMP Mon Sep 30 14:19:46 UTC 2019

/usr/bin/uname -p = x86_64
/bin/uname -X     = unknown

/bin/arch              = x86_64
/usr/bin/arch -k       = unknown
/usr/convex/getsysinfo = unknown
/usr/bin/hostinfo      = unknown
/bin/machine           = unknown
/usr/bin/oslevel       = unknown
/bin/universe          = unknown

PATH: /etc/pecs/releases/000/bin/
PATH: ./
PATH: /introot/MOONS/bin/
PATH: /vlt/VLT2020/CCSLite/bin/
PATH: /vlt/VLT2020/eclipse/
PATH: /vlt/VLT2020/apache-ant-1.6.5/bin/
PATH: /vlt/VLT2020/cpl/bin/
PATH: /opt/CollabNet_Subversion/bin/
PATH: /usr/lib/jvm/java-1.8.0-openjdk/bin/
PATH: /vlt/VLT2020/tcltk/bin/
PATH: /opt/anaconda3/bin/
PATH: /vlt/VLT2020/gnu/bin/
PATH: /usr/bin/
PATH: /bin/
PATH: /usr/bin/X11/


## ----------- ##
## Core tests. ##
## ----------- ##

configure:3083: looking for aux files: compile ltmain.sh missing install-sh config.guess config.sub
configure:3096:  trying ./admin/
configure:3125:   ./admin/compile found
configure:3125:   ./admin/ltmain.sh found
configure:3125:   ./admin/missing found
configure:3107:   ./admin/install-sh found
configure:3125:   ./admin/config.guess found
configure:3125:   ./admin/config.sub found
configure:3259: checking build system type
configure:3274: result: x86_64-pc-linux-gnu
configure:3294: checking host system type
configure:3308: result: x86_64-pc-linux-gnu
configure:3328: checking target system type
configure:3342: result: x86_64-pc-linux-gnu
configure:3386: checking for a BSD-compatible install
configure:3459: result: /usr/bin/install -c
configure:3470: checking whether build environment is sane
configure:3525: result: yes
configure:3684: checking for a race-free mkdir -p
configure:3728: result: /usr/bin/mkdir -p
configure:3735: checking for gawk
configure:3756: found /usr/bin/gawk
configure:3767: result: gawk
configure:3778: checking whether make sets $(MAKE)
configure:3801: result: yes
configure:3831: checking whether make supports nested variables
configure:3849: result: yes
configure:3983: checking whether make supports nested variables
configure:4001: result: yes
configure:4014: checking whether to enable maintainer-specific portions of Makefiles
configure:4024: result: no
configure:4085: checking how to print strings
configure:4112: result: printf
configure:4146: checking whether make supports the include directive
configure:4161: make -f confmf.GNU && cat confinc.out
this is the am__doit target
configure:4164: $? = 0
configure:4183: result: yes (GNU style)
configure:4259: checking for gcc
configure:4291: result: gcc
configure:4644: checking for C compiler version
configure:4653: gcc --version >&5
gcc (GCC) 4.8.5 20150623 (Red Hat 4.8.5-39)
Copyright (C) 2015 Free Software Foundation, Inc.
This is free software; see the source for copying conditions.  There is NO
warranty; not even for MERCHANTABILITY or FITNESS FOR A PARTICULAR PURPOSE.

configure:4664: $? = 0
configure:4653: gcc -v >&5
Using built-in specs.
COLLECT_GCC=gcc
COLLECT_LTO_WRAPPER=/usr/libexec/gcc/x86_64-redhat-linux/4.8.5/lto-wrapper
Target: x86_64-redhat-linux
Configured with: ../configure --prefix=/usr --mandir=/usr/share/man --infodir=/usr/share/info --with-bugurl=http://bugzilla.redhat.com/bugzilla --enable-bootstrap --enable-shared --enable-threads=posix --enable-checking=release --with-system-zlib --enable-__cxa_atexit --disable-libunwind-exceptions --enable-gnu-unique-object --enable-linker-build-id --with-linker-hash-style=gnu --enable-languages=c,c++,objc,obj-c++,java,fortran,ada,go,lto --enable-plugin --enable-initfini-array --disable-libgcj --with-isl=/builddir/build/BUILD/gcc-4.8.5-20150702/obj-x86_64-redhat-linux/isl-install --with-cloog=/builddir/build/BUILD/gcc-4.8.5-20150702/obj-x86_64-redhat-linux/cloog-install --enable-gnu-indirect-function --with-tune=generic --with-arch_32=x86-64 --build=x86_64-redhat-linux
Thread model: posix
gcc version 4.8.5 20150623 (Red Hat 4.8.5-39) (GCC) 
configure:4664: $? = 0
configure:4653: gcc -V >&5
gcc: error: unrecognized command line option '-V'
gcc: fatal error: no input files
compilation terminated.
configure:4664: $? = 4
configure:4653: gcc -qversion >&5
gcc: error: unrecognized command line option '-qversion'
gcc: fatal error: no input files
compilation terminated.
configure:4664: $? = 4
configure:4653: gcc -version >&5
gcc: error: unrecognized command line option '-version'
gcc: fatal error: no input files
compilation terminated.
configure:4664: $? = 4
configure:4684: checking whether the C compiler works
configure:4706: gcc    conftest.c  >&5
configure:4710: $? = 0
configure:4760: result: yes
configure:4763: checking for C compiler default output file name
configure:4765: result: a.out
configure:4771: checking for suffix of executables
configure:4778: gcc -o conftest    conftest.c  >&5
configure:4782: $? = 0
configure:4805: result: 
configure:4827: checking whether we are cross compiling
configure:4835: gcc -o conftest    conftest.c  >&5
configure:4839: $? = 0
configure:4846: ./conftest
configure:4850: $? = 0
configure:4865: result: no
configure:4870: checking for suffix of object files
configure:4893: gcc -c   conftest.c >&5
configure:4897: $? = 0
configure:4919: result: o
configure:4923: checking whether the compiler supports GNU C
configure:4943: gcc -c   conftest.c >&5
configure:4943: $? = 0
configure:4953: result: yes
configure:4964: checking whether gcc accepts -g
configure:4985: gcc -c -g  conftest.c >&5
configure:4985: $? = 0
configure:5029: result: yes
configure:5049: checking for gcc option to enable C11 features
configure:5064: gcc  -c -g -O2  conftest.c >&5
conftest.c:63:3: error: #error "Compiler does not advertise C99 conformance"
 # error "Compiler does not advertise C99 conformance"
   ^
conftest.c:118:29: error: expected ';', ',' or ')' before 'text'
 test_restrict (ccp restrict text)
                             ^
conftest.c:167:3: error: #error "Compiler does not advertise C11 conformance"
 # error "Compiler does not advertise C11 conformance"
   ^
conftest.c:198:12: error: 'syntax' undeclared here (not in a function)
 #define u8 syntax error!
            ^
conftest.c:199:29: note: in expansion of macro 'u8'
 char const utf8_literal[] = u8"happens to be ASCII" "another string";
                             ^
conftest.c:198:19: error: expected ',' or ';' before 'error'
 #define u8 syntax error!
                   ^
conftest.c:199:29: note: in expansion of macro 'u8'
 char const utf8_literal[] = u8"happens to be ASCII" "another string";
                             ^
conftest.c: In function 'main':
conftest.c:232:18: error: expected '=', ',', ';', 'asm' or '__attribute__' before 'newvar'
   char *restrict newvar = "Another string";
                  ^
conftest.c:232:18: error: 'newvar' undeclared (first use in this function)
conftest.c:232:18: note: each undeclared identifier is reported only once for each function it appears in
conftest.c:242:3: error: 'for' loop initial declarations are only allowed in C99 mode
   for (int i = 0; i < ia->datasize; ++i)
   ^
conftest.c:242:3: note: use option -std=c99 or -std=gnu99 to compile your code
configure:5064: $? = 1
configure: failed program was:
| /* confdefs.h */
| #define PACKAGE_NAME "ESO Recipe Execution Tool"
| #define PACKAGE_TARNAME "esorex"
| #define PACKAGE_VERSION "3.13.5"
| #define PACKAGE_STRING "ESO Recipe Execution Tool 3.13.5"
| #define PACKAGE_BUGREPORT "cpl-help@eso.org"
| #define PACKAGE_URL ""
| #define PACKAGE "esorex"
| #define VERSION "3.13.5"
| /* end confdefs.h.  */
| 
| /* Does the compiler advertise C89 conformance?
|    Do not test the value of __STDC__, because some compilers set it to 0
|    while being otherwise adequately conformant. */
| #if !defined __STDC__
| # error "Compiler does not advertise C89 conformance"
| #endif
| 
| #include <stddef.h>
| #include <stdarg.h>
| struct stat;
| /* Most of the following tests are stolen from RCS 5.7 src/conf.sh.  */
| struct buf { int x; };
| struct buf * (*rcsopen) (struct buf *, struct stat *, int);
| static char *e (p, i)
|      char **p;
|      int i;
| {
|   return p[i];
| }
| static char *f (char * (*g) (char **, int), char **p, ...)
| {
|   char *s;
|   va_list v;
|   va_start (v,p);
|   s = g (p, va_arg (v,int));
|   va_end (v);
|   return s;
| }
| 
| /* OSF 4.0 Compaq cc is some sort of almost-ANSI by default.  It has
|    function prototypes and stuff, but not \xHH hex character constants.
|    These do not provoke an error unfortunately, instead are silently treated
|    as an "x".  The following induces an error, until -std is added to get
|    proper ANSI mode.  Curiously \x00 != x always comes out true, for an
|    array size at least.  It is necessary to write \x00 == 0 to get something
|    that is true only with -std.  */
| int osf4_cc_array ['\x00' == 0 ? 1 : -1];
| 
| /* IBM C 6 for AIX is almost-ANSI by default, but it replaces macro parameters
|    inside strings and character constants.  */
| #define FOO(x) 'x'
| int xlc6_cc_array[FOO(a) == 'x' ? 1 : -1];
| 
| int test (int i, double x);
| struct s1 {int (*f) (int a);};
| struct s2 {int (*f) (double a);};
| int pairnames (int, char **, int *(*)(struct buf *, struct stat *, int),
|                int, int);
| 
| // Does the compiler advertise C99 conformance?
| #if !defined __STDC_VERSION__ || __STDC_VERSION__ < 199901L
| # error "Compiler does not advertise C99 conformance"
| #endif
| 
| #include <stdbool.h>
| extern int puts (const char *);
| extern int printf (const char *, ...);
| extern int dprintf (int, const char *, ...);
| extern void *malloc (size_t);
| 
| // Check varargs macros.  These examples are taken from C99 6.10.3.5.
| // dprintf is used instead of fprintf to avoid needing to declare
| // FILE and stderr.
| #define debug(...) dprintf (2, __VA_ARGS__)
| #define showlist(...) puts (#__VA_ARGS__)
| #define report(test,...) ((test) ? puts (#test) : printf (__VA_ARGS__))
| static void
| test_varargs_macros (void)
| {
|   int x = 1234;
|   int y = 5678;
|   debug ("Flag");
|   debug ("X = %d\n", x);
|   showlist (The first, second, and third items.);
|   report (x>y, "x is %d but y is %d", x, y);
| }
| 
| // Check long long types.
| #define BIG64 18446744073709551615ull
| #define BIG32 4294967295ul
| #define BIG_OK (BIG64 / BIG32 == 4294967297ull && BIG64 % BIG32 == 0)
| #if !BIG_OK
|   #error "your preprocessor is broken"
| #endif
| #if BIG_OK
| #else
|   #error "your preprocessor is broken"
| #endif
| static long long int bignum = -9223372036854775807LL;
| static unsigned long long int ubignum = BIG64;
| 
| struct incomplete_array
| {
|   int datasize;
|   double data[];
| };
| 
| struct named_init {
|   int number;
|   const wchar_t *name;
|   double average;
| };
| 
| typedef const char *ccp;
| 
| static inline int
| test_restrict (ccp restrict text)
| {
|   // See if C++-style comments work.
|   // Iterate through items via the restricted pointer.
|   // Also check for declarations in for loops.
|   for (unsigned int i = 0; *(text+i) != '\0'; ++i)
|     continue;
|   return 0;
| }
| 
| // Check varargs and va_copy.
| static bool
| test_varargs (const char *format, ...)
| {
|   va_list args;
|   va_start (args, format);
|   va_list args_copy;
|   va_copy (args_copy, args);
| 
|   const char *str = "";
|   int number = 0;
|   float fnumber = 0;
| 
|   while (*format)
|     {
|       switch (*format++)
| 	{
| 	case 's': // string
| 	  str = va_arg (args_copy, const char *);
| 	  break;
| 	case 'd': // int
| 	  number = va_arg (args_copy, int);
| 	  break;
| 	case 'f': // float
| 	  fnumber = va_arg (args_copy, double);
| 	  break;
| 	default:
| 	  break;
| 	}
|     }
|   va_end (args_copy);
|   va_end (args);
| 
|   return *str && number && fnumber;
| }
| 
| 
| // Does the compiler advertise C11 conformance?
| #if !defined __STDC_VERSION__ || __STDC_VERSION__ < 201112L
| # error "Compiler does not advertise C11 conformance"
| #endif
| 
| // Check _Alignas.
| char _Alignas (double) aligned_as_double;
| char _Alignas (0) no_special_alignment;
| extern char aligned_as_int;
| char _Alignas (0) _Alignas (int) aligned_as_int;
| 
| // Check _Alignof.
| enum
| {
|   int_alignment = _Alignof (int),
|   int_array_alignment = _Alignof (int[100]),
|   char_alignment = _Alignof (char)
| };
| _Static_assert (0 < -_Alignof (int), "_Alignof is signed");
| 
| // Check _Noreturn.
| int _Noreturn does_not_return (void) { for (;;) continue; }
| 
| // Check _Static_assert.
| struct test_static_assert
| {
|   int x;
|   _Static_assert (sizeof (int) <= sizeof (long int),
|                   "_Static_assert does not work in struct");
|   long int y;
| };
| 
| // Check UTF-8 literals.
| #define u8 syntax error!
| char const utf8_literal[] = u8"happens to be ASCII" "another string";
| 
| // Check duplicate typedefs.
| typedef long *long_ptr;
| typedef long int *long_ptr;
| typedef long_ptr long_ptr;
| 
| // Anonymous structures and unions -- taken from C11 6.7.2.1 Example 1.
| struct anonymous
| {
|   union {
|     struct { int i; int j; };
|     struct { int k; long int l; } w;
|   };
|   int m;
| } v1;
| 
| 
| int
| main (int argc, char **argv)
| {
|   int ok = 0;
|   
| ok |= (argc == 0 || f (e, argv, 0) != argv[0] || f (e, argv, 1) != argv[1]);
| 
|   
|   // Check bool.
|   _Bool success = false;
|   success |= (argc != 0);
| 
|   // Check restrict.
|   if (test_restrict ("String literal") == 0)
|     success = true;
|   char *restrict newvar = "Another string";
| 
|   // Check varargs.
|   success &= test_varargs ("s, d' f .", "string", 65, 34.234);
|   test_varargs_macros ();
| 
|   // Check flexible array members.
|   struct incomplete_array *ia =
|     malloc (sizeof (struct incomplete_array) + (sizeof (double) * 10));
|   ia->datasize = 10;
|   for (int i = 0; i < ia->datasize; ++i)
|     ia->data[i] = i * 1.234;
| 
|   // Check named initializers.
|   struct named_init ni = {
|     .number = 34,
|     .name = L"Test wide string",
|     .average = 543.34343,
|   };
| 
|   ni.number = 58;
| 
|   int dynamic_array[ni.number];
|   dynamic_array[0] = argv[0][0];
|   dynamic_array[ni.number - 1] = 543;
| 
|   // work around unused variable warnings
|   ok |= (!success || bignum == 0LL || ubignum == 0uLL || newvar[0] == 'x'
| 	 || dynamic_array[ni.number - 1] != 543);
| 
|   
|   _Static_assert ((offsetof (struct anonymous, i)
| 		   == offsetof (struct anonymous, w.k)),
| 		  "Anonymous union alignment botch");
|   v1.i = 2;
|   v1.w.k = 5;
|   ok |= v1.i != 5;
| 
|   return ok;
| }
| 
configure:5064: gcc -std=gnu11 -c -g -O2  conftest.c >&5
configure:5064: $? = 0
configure:5085: result: -std=gnu11
configure:5198: checking whether gcc -std=gnu11 understands -c and -o together
configure:5221: gcc -std=gnu11 -c conftest.c -o conftest2.o
configure:5224: $? = 0
configure:5221: gcc -std=gnu11 -c conftest.c -o conftest2.o
configure:5224: $? = 0
configure:5236: result: yes
configure:5255: checking dependency style of gcc -std=gnu11
configure:5367: result: gcc3
configure:5382: checking for a sed that does not truncate output
configure:5452: result: /usr/bin/sed
configure:5470: checking for grep that handles long lines and -e
configure:5534: result: /usr/bin/grep
configure:5539: checking for egrep
configure:5607: result: /usr/bin/grep -E
configure:5612: checking for fgrep
configure:5680: result: /usr/bin/grep -F
configure:5716: checking for ld used by gcc -std=gnu11
configure:5784: result: /usr/bin/ld
configure:5791: checking if the linker (/usr/bin/ld) is GNU ld
configure:5807: result: yes
configure:5819: checking for BSD- or MS-compatible name lister (nm)
configure:5874: result: /usr/bin/nm -B
configure:6014: checking the name lister (/usr/bin/nm -B) interface
configure:6022: gcc -std=gnu11 -c -g -O2  conftest.c >&5
configure:6025: /usr/bin/nm -B "conftest.o"
configure:6028: output
0000000000000000 B some_variable
configure:6035: result: BSD nm
configure:6038: checking whether ln -s works
configure:6042: result: yes
configure:6050: checking the maximum length of command line arguments
configure:6182: result: 12582912
configure:6230: checking how to convert x86_64-pc-linux-gnu file names to x86_64-pc-linux-gnu format
configure:6271: result: func_convert_file_noop
configure:6278: checking how to convert x86_64-pc-linux-gnu file names to toolchain format
configure:6299: result: func_convert_file_noop
configure:6306: checking for /usr/bin/ld option to reload object files
configure:6314: result: -r
configure:6393: checking for objdump
configure:6414: found /usr/bin/objdump
configure:6425: result: objdump
configure:6457: checking how to recognize dependent libraries
configure:6658: result: pass_all
configure:6748: checking for dlltool
configure:6783: result: no
configure:6813: checking how to associate runtime and link libraries
configure:6841: result: printf %s\n
configure:6907: checking for ar
configure:6928: found /usr/bin/ar
configure:6939: result: ar
configure:6976: checking for archiver @FILE support
configure:6994: gcc -std=gnu11 -c -g -O2  conftest.c >&5
configure:6994: $? = 0
configure:6998: ar cru libconftest.a @conftest.lst >&5
configure:7001: $? = 0
configure:7006: ar cru libconftest.a @conftest.lst >&5
ar: conftest.o: No such file or directory
configure:7009: $? = 1
configure:7021: result: @
configure:7084: checking for strip
configure:7105: found /usr/bin/strip
configure:7116: result: strip
configure:7193: checking for ranlib
configure:7214: found /usr/bin/ranlib
configure:7225: result: ranlib
configure:7327: checking command to parse /usr/bin/nm -B output from gcc -std=gnu11 object
configure:7481: gcc -std=gnu11 -c -g -O2  conftest.c >&5
configure:7484: $? = 0
configure:7488: /usr/bin/nm -B conftest.o \| sed -n -e 's/^.*[ ]\([ABCDGIRSTW][ABCDGIRSTW]*\)[ ][ ]*\([_A-Za-z][_A-Za-z0-9]*\)$/\1 \2 \2/p' | sed '/ __gnu_lto/d' \> conftest.nm
configure:7491: $? = 0
configure:7557: gcc -std=gnu11 -o conftest -g -O2   conftest.c conftstm.o >&5
configure:7560: $? = 0
configure:7598: result: ok
configure:7645: checking for sysroot
configure:7676: result: no
configure:7683: checking for a working dd
configure:7727: result: /usr/bin/dd
configure:7731: checking how to truncate binary pipes
configure:7747: result: /usr/bin/dd bs=4096 count=1
configure:7884: gcc -std=gnu11 -c -g -O2  conftest.c >&5
configure:7887: $? = 0
configure:8084: checking for mt
configure:8119: result: no
configure:8139: checking if : is a manifest tool
configure:8146: : '-?'
configure:8154: result: no
configure:8884: checking for stdio.h
configure:8884: gcc -std=gnu11 -c -g -O2  conftest.c >&5
configure:8884: $? = 0
configure:8884: result: yes
configure:8884: checking for stdlib.h
configure:8884: gcc -std=gnu11 -c -g -O2  conftest.c >&5
configure:8884: $? = 0
configure:8884: result: yes
configure:8884: checking for string.h
configure:8884: gcc -std=gnu11 -c -g -O2  conftest.c >&5
configure:8884: $? = 0
configure:8884: result: yes
configure:8884: checking for inttypes.h
configure:8884: gcc -std=gnu11 -c -g -O2  conftest.c >&5
configure:8884: $? = 0
configure:8884: result: yes
configure:8884: checking for stdint.h
configure:8884: gcc -std=gnu11 -c -g -O2  conftest.c >&5
configure:8884: $? = 0
configure:8884: result: yes
configure:8884: checking for strings.h
configure:8884: gcc -std=gnu11 -c -g -O2  conftest.c >&5
configure:8884: $? = 0
configure:8884: result: yes
configure:8884: checking for sys/stat.h
configure:8884: gcc -std=gnu11 -c -g -O2  conftest.c >&5
configure:8884: $? = 0
configure:8884: result: yes
configure:8884: checking for sys/types.h
configure:8884: gcc -std=gnu11 -c -g -O2  conftest.c >&5
configure:8884: $? = 0
configure:8884: result: yes
configure:8884: checking for unistd.h
configure:8884: gcc -std=gnu11 -c -g -O2  conftest.c >&5
configure:8884: $? = 0
configure:8884: result: yes
configure:8909: checking for dlfcn.h
configure:8909: gcc -std=gnu11 -c -g -O2  conftest.c >&5
configure:8909: $? = 0
configure:8909: result: yes
configure:9167: checking for objdir
configure:9183: result: .libs
configure:9447: checking if gcc -std=gnu11 supports -fno-rtti -fno-exceptions
configure:9466: gcc -std=gnu11 -c -g -O2  -fno-rtti -fno-exceptions conftest.c >&5
cc1: warning: command line option '-fno-rtti' is valid for C++/ObjC++ but not for C [enabled by default]
configure:9470: $? = 0
configure:9483: result: no
configure:9841: checking for gcc -std=gnu11 option to produce PIC
configure:9849: result: -fPIC -DPIC
configure:9857: checking if gcc -std=gnu11 PIC flag -fPIC -DPIC works
configure:9876: gcc -std=gnu11 -c -g -O2  -fPIC -DPIC -DPIC conftest.c >&5
configure:9880: $? = 0
configure:9893: result: yes
configure:9922: checking if gcc -std=gnu11 static flag -static works
configure:9951: result: yes
configure:9966: checking if gcc -std=gnu11 supports -c -o file.o
configure:9988: gcc -std=gnu11 -c -g -O2  -o out/conftest2.o conftest.c >&5
configure:9992: $? = 0
configure:10014: result: yes
configure:10022: checking if gcc -std=gnu11 supports -c -o file.o
configure:10070: result: yes
configure:10103: checking whether the gcc -std=gnu11 linker (/usr/bin/ld -m elf_x86_64) supports shared libraries
configure:11369: result: yes
configure:11406: checking whether -lc should be explicitly linked in
configure:11415: gcc -std=gnu11 -c -g -O2  conftest.c >&5
configure:11418: $? = 0
configure:11433: gcc -std=gnu11 -shared  -fPIC -DPIC conftest.o  -v -Wl,-soname -Wl,conftest -o conftest 2\>\&1 \| /usr/bin/grep  -lc  \>/dev/null 2\>\&1
configure:11436: $? = 0
configure:11450: result: no
configure:11610: checking dynamic linker characteristics
configure:12192: gcc -std=gnu11 -o conftest -g -O2   -Wl,-rpath -Wl,/foo conftest.c  >&5
configure:12192: $? = 0
configure:12431: result: GNU/Linux ld.so
configure:12553: checking how to hardcode library paths into programs
configure:12578: result: immediate
configure:13130: checking whether stripping libraries is possible
configure:13135: result: yes
configure:13170: checking if libtool supports shared libraries
configure:13172: result: yes
configure:13175: checking whether to build shared libraries
configure:13200: result: yes
configure:13203: checking whether to build static libraries
configure:13207: result: no
configure:13246: checking for gcc -std=gnu11 options needed to detect all undeclared functions
configure:13268: gcc -std=gnu11 -c -g -O2   conftest.c >&5
conftest.c: In function 'main':
conftest.c:27:8: error: 'strchr' undeclared (first use in this function)
 (void) strchr;
        ^
conftest.c:27:8: note: each undeclared identifier is reported only once for each function it appears in
configure:13268: $? = 1
configure: failed program was:
| /* confdefs.h */
| #define PACKAGE_NAME "ESO Recipe Execution Tool"
| #define PACKAGE_TARNAME "esorex"
| #define PACKAGE_VERSION "3.13.5"
| #define PACKAGE_STRING "ESO Recipe Execution Tool 3.13.5"
| #define PACKAGE_BUGREPORT "cpl-help@eso.org"
| #define PACKAGE_URL ""
| #define PACKAGE "esorex"
| #define VERSION "3.13.5"
| #define HAVE_STDIO_H 1
| #define HAVE_STDLIB_H 1
| #define HAVE_STRING_H 1
| #define HAVE_INTTYPES_H 1
| #define HAVE_STDINT_H 1
| #define HAVE_STRINGS_H 1
| #define HAVE_SYS_STAT_H 1
| #define HAVE_SYS_TYPES_H 1
| #define HAVE_UNISTD_H 1
| #define STDC_HEADERS 1
| #define HAVE_DLFCN_H 1
| #define LT_OBJDIR ".libs/"
| /* end confdefs.h.  */
| 
| int
| main (void)
| {
| (void) strchr;
|   ;
|   return 0;
| }
configure:13295: gcc -std=gnu11 -c -g -O2   conftest.c >&5
configure:13295: $? = 0
configure:13312: result: none needed
configure:13326: checking what extension is used for runtime loadable modules
configure:13339: result: .so
configure:13357: checking what variable specifies run-time module search path
configure:13365: result: LD_LIBRARY_PATH
configure:13373: checking for the default library search path
configure:13381: result: /lib /usr/lib /opt/aravis/lib64/ /usr/lib64/atlas /usr/lib64//bind9-export/ /usr/lib64/dyninst /usr/lib64/iscsi /usr/lib64/mysql /usr/lib64/octave/3.8.2 /opt/open62541/lib /usr/lib64/qt-3.3/lib /opt/sybase/OCS-15_0/lib /usr/lib64/tcl8.5/tclx8.4 /usr/lib64/xulrunner /vlt/VLT2020/tcltk/lib64 /vlt/VLT2020/CCSLite/lib64 
configure:13410: checking for library containing dlopen
configure:13440: gcc -std=gnu11 -o conftest -g -O2   conftest.c  >&5
/tmp/ccPaLVfX.o: In function `main':
/diska/home/moonmgr/PipelineLibrary/pack2/esorex-3.13.5/conftest.c:34: undefined reference to `dlopen'
collect2: error: ld returned 1 exit status
configure:13440: $? = 1
configure: failed program was:
| /* confdefs.h */
| #define PACKAGE_NAME "ESO Recipe Execution Tool"
| #define PACKAGE_TARNAME "esorex"
| #define PACKAGE_VERSION "3.13.5"
| #define PACKAGE_STRING "ESO Recipe Execution Tool 3.13.5"
| #define PACKAGE_BUGREPORT "cpl-help@eso.org"
| #define PACKAGE_URL ""
| #define PACKAGE "esorex"
| #define VERSION "3.13.5"
| #define HAVE_STDIO_H 1
| #define HAVE_STDLIB_H 1
| #define HAVE_STRING_H 1
| #define HAVE_INTTYPES_H 1
| #define HAVE_STDINT_H 1
| #define HAVE_STRINGS_H 1
| #define HAVE_SYS_STAT_H 1
| #define HAVE_SYS_TYPES_H 1
| #define HAVE_UNISTD_H 1
| #define STDC_HEADERS 1
| #define HAVE_DLFCN_H 1
| #define LT_OBJDIR ".libs/"
| #define LT_MODULE_EXT ".so"
| #define LT_MODULE_PATH_VAR "LD_LIBRARY_PATH"
| #define LT_DLSEARCH_PATH "/lib:/usr/lib:/opt/aravis/lib64/:/usr/lib64/atlas:/usr/lib64//bind9-export/:/usr/lib64/dyninst:/usr/lib64/iscsi:/usr/lib64/mysql:/usr/lib64/octave/3.8.2:/opt/open62541/lib:/usr/lib64/qt-3.3/lib:/opt/sybase/OCS-15_0/lib:/usr/lib64/tcl8.5/tclx8.4:/usr/lib64/xulrunner:/vlt/VLT2020/tcltk/lib64:/vlt/VLT2020/CCSLite/lib64"
| /* end confdefs.h.  */
| 
| /* Override any GCC internal prototype to avoid an error.
|    Use char because int might match the return type of a GCC
|    builtin and then its argument prototype would still apply.  */
| char dlopen ();
| int
| main (void)
| {
| return dlopen ();
|   ;
|   return 0;
| }
configure:13440: gcc -std=gnu11 -o conftest -g -O2   conftest.c -ldl   >&5
configure:13440: $? = 0
configure:13460: result: -ldl
configure:13550: checking for dlerror
configure:13550: gcc -std=gnu11 -o conftest -g -O2   conftest.c -ldl  -ldl >&5
configure:13550: $? = 0
configure:13550: result: yes
configure:13562: checking for shl_load
configure:13562: gcc -std=gnu11 -o conftest -g -O2   conftest.c -ldl  >&5
/tmp/ccpM39U4.o: In function `main':
/diska/home/moonmgr/PipelineLibrary/pack2/esorex-3.13.5/conftest.c:55: undefined reference to `shl_load'
collect2: error: ld returned 1 exit status
configure:13562: $? = 1
configure: failed program was:
| /* confdefs.h */
| #define PACKAGE_NAME "ESO Recipe Execution Tool"
| #define PACKAGE_TARNAME "esorex"
| #define PACKAGE_VERSION "3.13.5"
| #define PACKAGE_STRING "ESO Recipe Execution Tool 3.13.5"
| #define PACKAGE_BUGREPORT "cpl-help@eso.org"
| #define PACKAGE_URL ""
| #define PACKAGE "esorex"
| #define VERSION "3.13.5"
| #define HAVE_STDIO_H 1
| #define HAVE_STDLIB_H 1
| #define HAVE_STRING_H 1
| #define HAVE_INTTYPES_H 1
| #define HAVE_STDINT_H 1
| #define HAVE_STRINGS_H 1
| #define HAVE_SYS_STAT_H 1
| #define HAVE_SYS_TYPES_H 1
| #define HAVE_UNISTD_H 1
| #define STDC_HEADERS 1
| #define HAVE_DLFCN_H 1
| #define LT_OBJDIR ".libs/"
| #define LT_MODULE_EXT ".so"
| #define LT_MODULE_PATH_VAR "LD_LIBRARY_PATH"
| #define LT_DLSEARCH_PATH "/lib:/usr/lib:/opt/aravis/lib64/:/usr/lib64/atlas:/usr/lib64//bind9-export/:/usr/lib64/dyninst:/usr/lib64/iscsi:/usr/lib64/mysql:/usr/lib64/octave/3.8.2:/opt/open62541/lib:/usr/lib64/qt-3.3/lib:/opt/sybase/OCS-15_0/lib:/usr/lib64/tcl8.5/tclx8.4:/usr/lib64/xulrunner:/vlt/VLT2020/tcltk/lib64:/vlt/VLT2020/CCSLite/lib64"
| #define HAVE_LIBDL 1
| #define HAVE_DLERROR 1
| /* end confdefs.h.  */
| /* Define shl_load to an innocuous variant, in case <limits.h> declares shl_load.
|    For example, HP-UX 11i <limits.h> declares gettimeofday.  */
| #define shl_load innocuous_shl_load
| 
| /* System header to define __stub macros and hopefully few prototypes,
|    which can conflict with char shl_load (); below.  */
| 
| #include <limits.h>
| #undef shl_load
| 
| /* Override any GCC internal prototype to avoid an error.
|    Use char because int might match the return type of a GCC
|    builtin and then its argument prototype would still apply.  */
| #ifdef __cplusplus
| extern "C"
| #endif
| char shl_load ();
| /* The GNU C library defines this for functions which it implements
|     to always fail with ENOSYS.  Some functions are actually named
|     something starting with __ and the normal name is an alias.  */
| #if defined __stub_shl_load || defined __stub___shl_load
| choke me
| #endif
| 
| int
| main (void)
| {
| return shl_load ();
|   ;
|   return 0;
| }
configure:13562: result: no
configure:13570: checking for shl_load in -ldld
configure:13593: gcc -std=gnu11 -o conftest -g -O2   conftest.c -ldld  -ldl  >&5
/usr/bin/ld: cannot find -ldld
collect2: error: ld returned 1 exit status
configure:13593: $? = 1
configure: failed program was:
| /* confdefs.h */
| #define PACKAGE_NAME "ESO Recipe Execution Tool"
| #define PACKAGE_TARNAME "esorex"
| #define PACKAGE_VERSION "3.13.5"
| #define PACKAGE_STRING "ESO Recipe Execution Tool 3.13.5"
| #define PACKAGE_BUGREPORT "cpl-help@eso.org"
| #define PACKAGE_URL ""
| #define PACKAGE "esorex"
| #define VERSION "3.13.5"
| #define HAVE_STDIO_H 1
| #define HAVE_STDLIB_H 1
| #define HAVE_STRING_H 1
| #define HAVE_INTTYPES_H 1
| #define HAVE_STDINT_H 1
| #define HAVE_STRINGS_H 1
| #define HAVE_SYS_STAT_H 1
| #define HAVE_SYS_TYPES_H 1
| #define HAVE_UNISTD_H 1
| #define STDC_HEADERS 1
| #define HAVE_DLFCN_H 1
| #define LT_OBJDIR ".libs/"
| #define LT_MODULE_EXT ".so"
| #define LT_MODULE_PATH_VAR "LD_LIBRARY_PATH"
| #define LT_DLSEARCH_PATH "/lib:/usr/lib:/opt/aravis/lib64/:/usr/lib64/atlas:/usr/lib64//bind9-export/:/usr/lib64/dyninst:/usr/lib64/iscsi:/usr/lib64/mysql:/usr/lib64/octave/3.8.2:/opt/open62541/lib:/usr/lib64/qt-3.3/lib:/opt/sybase/OCS-15_0/lib:/usr/lib64/tcl8.5/tclx8.4:/usr/lib64/xulrunner:/vlt/VLT2020/tcltk/lib64:/vlt/VLT2020/CCSLite/lib64"
| #define HAVE_LIBDL 1
| #define HAVE_DLERROR 1
| /* end confdefs.h.  */
| 
| /* Override any GCC internal prototype to avoid an error.
|    Use char because int might match the return type of a GCC
|    builtin and then its argument prototype would still apply.  */
| char shl_load ();
| int
| main (void)
| {
| return shl_load ();
|   ;
|   return 0;
| }
configure:13603: result: no
configure:13649: checking for dld_link in -ldld
configure:13672: gcc -std=gnu11 -o conftest -g -O2   conftest.c -ldld  -ldl  >&5
/usr/bin/ld: cannot find -ldld
collect2: error: ld returned 1 exit status
configure:13672: $? = 1
configure: failed program was:
| /* confdefs.h */
| #define PACKAGE_NAME "ESO Recipe Execution Tool"
| #define PACKAGE_TARNAME "esorex"
| #define PACKAGE_VERSION "3.13.5"
| #define PACKAGE_STRING "ESO Recipe Execution Tool 3.13.5"
| #define PACKAGE_BUGREPORT "cpl-help@eso.org"
| #define PACKAGE_URL ""
| #define PACKAGE "esorex"
| #define VERSION "3.13.5"
| #define HAVE_STDIO_H 1
| #define HAVE_STDLIB_H 1
| #define HAVE_STRING_H 1
| #define HAVE_INTTYPES_H 1
| #define HAVE_STDINT_H 1
| #define HAVE_STRINGS_H 1
| #define HAVE_SYS_STAT_H 1
| #define HAVE_SYS_TYPES_H 1
| #define HAVE_UNISTD_H 1
| #define STDC_HEADERS 1
| #define HAVE_DLFCN_H 1
| #define LT_OBJDIR ".libs/"
| #define LT_MODULE_EXT ".so"
| #define LT_MODULE_PATH_VAR "LD_LIBRARY_PATH"
| #define LT_DLSEARCH_PATH "/lib:/usr/lib:/opt/aravis/lib64/:/usr/lib64/atlas:/usr/lib64//bind9-export/:/usr/lib64/dyninst:/usr/lib64/iscsi:/usr/lib64/mysql:/usr/lib64/octave/3.8.2:/opt/open62541/lib:/usr/lib64/qt-3.3/lib:/opt/sybase/OCS-15_0/lib:/usr/lib64/tcl8.5/tclx8.4:/usr/lib64/xulrunner:/vlt/VLT2020/tcltk/lib64:/vlt/VLT2020/CCSLite/lib64"
| #define HAVE_LIBDL 1
| #define HAVE_DLERROR 1
| /* end confdefs.h.  */
| 
| /* Override any GCC internal prototype to avoid an error.
|    Use char because int might match the return type of a GCC
|    builtin and then its argument prototype would still apply.  */
| char dld_link ();
| int
| main (void)
| {
| return dld_link ();
|   ;
|   return 0;
| }
configure:13682: result: no
configure:13718: checking for _ prefix in compiled symbols
configure:13729: gcc -std=gnu11 -c -g -O2  conftest.c >&5
configure:13732: $? = 0
configure:13736: /usr/bin/nm -B conftest.o \| sed -n -e 's/^.*[	 ]\([ABCDGIRSTW][ABCDGIRSTW]*\)[	 ][	 ]*\([_A-Za-z][_A-Za-z0-9]*\)$/\1 \2 \2/p' | sed '/ __gnu_lto/d' \> conftest.nm
configure:13739: $? = 0
configure:13761: result: no
configure:13879: checking whether deplibs are loaded by dlopen
configure:13977: result: yes
configure:13986: checking for argz.h
configure:13986: gcc -std=gnu11 -c -g -O2  conftest.c >&5
configure:13986: $? = 0
configure:13986: result: yes
configure:13995: checking for error_t
configure:13995: gcc -std=gnu11 -c -g -O2  conftest.c >&5
configure:13995: $? = 0
configure:13995: gcc -std=gnu11 -c -g -O2  conftest.c >&5
conftest.c: In function 'main':
conftest.c:37:22: error: expected expression before ')' token
 if (sizeof ((error_t)))
                      ^
configure:13995: $? = 1
configure: failed program was:
| /* confdefs.h */
| #define PACKAGE_NAME "ESO Recipe Execution Tool"
| #define PACKAGE_TARNAME "esorex"
| #define PACKAGE_VERSION "3.13.5"
| #define PACKAGE_STRING "ESO Recipe Execution Tool 3.13.5"
| #define PACKAGE_BUGREPORT "cpl-help@eso.org"
| #define PACKAGE_URL ""
| #define PACKAGE "esorex"
| #define VERSION "3.13.5"
| #define HAVE_STDIO_H 1
| #define HAVE_STDLIB_H 1
| #define HAVE_STRING_H 1
| #define HAVE_INTTYPES_H 1
| #define HAVE_STDINT_H 1
| #define HAVE_STRINGS_H 1
| #define HAVE_SYS_STAT_H 1
| #define HAVE_SYS_TYPES_H 1
| #define HAVE_UNISTD_H 1
| #define STDC_HEADERS 1
| #define HAVE_DLFCN_H 1
| #define LT_OBJDIR ".libs/"
| #define LT_MODULE_EXT ".so"
| #define LT_MODULE_PATH_VAR "LD_LIBRARY_PATH"
| #define LT_DLSEARCH_PATH "/lib:/usr/lib:/opt/aravis/lib64/:/usr/lib64/atlas:/usr/lib64//bind9-export/:/usr/lib64/dyninst:/usr/lib64/iscsi:/usr/lib64/mysql:/usr/lib64/octave/3.8.2:/opt/open62541/lib:/usr/lib64/qt-3.3/lib:/opt/sybase/OCS-15_0/lib:/usr/lib64/tcl8.5/tclx8.4:/usr/lib64/xulrunner:/vlt/VLT2020/tcltk/lib64:/vlt/VLT2020/CCSLite/lib64"
| #define HAVE_LIBDL 1
| #define HAVE_DLERROR 1
| #define HAVE_LIBDLLOADER 1
| #define HAVE_ARGZ_H 1
| /* end confdefs.h.  */
| #if defined(HAVE_ARGZ_H)
| #  include <argz.h>
| #endif
| 
| int
| main (void)
| {
| if (sizeof ((error_t)))
| 	    return 0;
|   ;
|   return 0;
| }
configure:13995: result: yes
configure:14020: checking for argz_add
configure:14020: gcc -std=gnu11 -o conftest -g -O2   conftest.c  >&5
configure:14020: $? = 0
configure:14020: result: yes
configure:14020: checking for argz_append
configure:14020: gcc -std=gnu11 -o conftest -g -O2   conftest.c  >&5
configure:14020: $? = 0
configure:14020: result: yes
configure:14020: checking for argz_count
configure:14020: gcc -std=gnu11 -o conftest -g -O2   conftest.c  >&5
configure:14020: $? = 0
configure:14020: result: yes
configure:14020: checking for argz_create_sep
configure:14020: gcc -std=gnu11 -o conftest -g -O2   conftest.c  >&5
configure:14020: $? = 0
configure:14020: result: yes
configure:14020: checking for argz_insert
configure:14020: gcc -std=gnu11 -o conftest -g -O2   conftest.c  >&5
configure:14020: $? = 0
configure:14020: result: yes
configure:14020: checking for argz_next
configure:14020: gcc -std=gnu11 -o conftest -g -O2   conftest.c  >&5
configure:14020: $? = 0
configure:14020: result: yes
configure:14020: checking for argz_stringify
configure:14020: gcc -std=gnu11 -o conftest -g -O2   conftest.c  >&5
configure:14020: $? = 0
configure:14020: result: yes
configure:14038: checking if argz actually works
configure:14070: result: yes
configure:14088: checking whether libtool supports -dlopen/-dlpreopen
configure:14101: result: yes
configure:14133: checking for ltdl.h
configure:14133: gcc -std=gnu11 -c -g -O2  conftest.c >&5
configure:14133: $? = 0
configure:14133: result: yes
configure:14138: checking whether lt_dlinterface_register is declared
configure:14138: gcc -std=gnu11 -c -g -O2   conftest.c >&5
configure:14138: $? = 0
configure:14138: result: yes
configure:14143: checking for lt_dladvise_preload in -lltdl
configure:14166: gcc -std=gnu11 -o conftest -g -O2   conftest.c -lltdl   >&5
configure:14166: $? = 0
configure:14176: result: yes
configure:14272: checking where to find libltdl headers
configure:14274: result: 
configure:14276: checking where to find libltdl library
configure:14278: result: -lltdl
configure:14326: checking for unistd.h
configure:14326: result: yes
configure:14333: checking for dl.h
configure:14333: gcc -std=gnu11 -c -g -O2  conftest.c >&5
conftest.c:71:16: fatal error: dl.h: No such file or directory
 #include <dl.h>
                ^
compilation terminated.
configure:14333: $? = 1
configure: failed program was:
| /* confdefs.h */
| #define PACKAGE_NAME "ESO Recipe Execution Tool"
| #define PACKAGE_TARNAME "esorex"
| #define PACKAGE_VERSION "3.13.5"
| #define PACKAGE_STRING "ESO Recipe Execution Tool 3.13.5"
| #define PACKAGE_BUGREPORT "cpl-help@eso.org"
| #define PACKAGE_URL ""
| #define PACKAGE "esorex"
| #define VERSION "3.13.5"
| #define HAVE_STDIO_H 1
| #define HAVE_STDLIB_H 1
| #define HAVE_STRING_H 1
| #define HAVE_INTTYPES_H 1
| #define HAVE_STDINT_H 1
| #define HAVE_STRINGS_H 1
| #define HAVE_SYS_STAT_H 1
| #define HAVE_SYS_TYPES_H 1
| #define HAVE_UNISTD_H 1
| #define STDC_HEADERS 1
| #define HAVE_DLFCN_H 1
| #define LT_OBJDIR ".libs/"
| #define LT_MODULE_EXT ".so"
| #define LT_MODULE_PATH_VAR "LD_LIBRARY_PATH"
| #define LT_DLSEARCH_PATH "/lib:/usr/lib:/opt/aravis/lib64/:/usr/lib64/atlas:/usr/lib64//bind9-export/:/usr/lib64/dyninst:/usr/lib64/iscsi:/usr/lib64/mysql:/usr/lib64/octave/3.8.2:/opt/open62541/lib:/usr/lib64/qt-3.3/lib:/opt/sybase/OCS-15_0/lib:/usr/lib64/tcl8.5/tclx8.4:/usr/lib64/xulrunner:/vlt/VLT2020/tcltk/lib64:/vlt/VLT2020/CCSLite/lib64"
| #define HAVE_LIBDL 1
| #define HAVE_DLERROR 1
| #define HAVE_LIBDLLOADER 1
| #define HAVE_ARGZ_H 1
| #define HAVE_ERROR_T 1
| #define HAVE_ARGZ_ADD 1
| #define HAVE_ARGZ_APPEND 1
| #define HAVE_ARGZ_COUNT 1
| #define HAVE_ARGZ_CREATE_SEP 1
| #define HAVE_ARGZ_INSERT 1
| #define HAVE_ARGZ_NEXT 1
| #define HAVE_ARGZ_STRINGIFY 1
| #define HAVE_WORKING_ARGZ 1
| #define HAVE_PRELOADED_SYMBOLS 1
| #define HAVE_LTDL 1
| #define HAVE_UNISTD_H 1
| /* end confdefs.h.  */
| #include <stddef.h>
| #ifdef HAVE_STDIO_H
| # include <stdio.h>
| #endif
| #ifdef HAVE_STDLIB_H
| # include <stdlib.h>
| #endif
| #ifdef HAVE_STRING_H
| # include <string.h>
| #endif
| #ifdef HAVE_INTTYPES_H
| # include <inttypes.h>
| #endif
| #ifdef HAVE_STDINT_H
| # include <stdint.h>
| #endif
| #ifdef HAVE_STRINGS_H
| # include <strings.h>
| #endif
| #ifdef HAVE_SYS_TYPES_H
| # include <sys/types.h>
| #endif
| #ifdef HAVE_SYS_STAT_H
| # include <sys/stat.h>
| #endif
| #ifdef HAVE_UNISTD_H
| # include <unistd.h>
| #endif
| 
| #include <dl.h>
configure:14333: result: no
configure:14340: checking for sys/dl.h
configure:14340: gcc -std=gnu11 -c -g -O2  conftest.c >&5
conftest.c:71:20: fatal error: sys/dl.h: No such file or directory
 #include <sys/dl.h>
                    ^
compilation terminated.
configure:14340: $? = 1
configure: failed program was:
| /* confdefs.h */
| #define PACKAGE_NAME "ESO Recipe Execution Tool"
| #define PACKAGE_TARNAME "esorex"
| #define PACKAGE_VERSION "3.13.5"
| #define PACKAGE_STRING "ESO Recipe Execution Tool 3.13.5"
| #define PACKAGE_BUGREPORT "cpl-help@eso.org"
| #define PACKAGE_URL ""
| #define PACKAGE "esorex"
| #define VERSION "3.13.5"
| #define HAVE_STDIO_H 1
| #define HAVE_STDLIB_H 1
| #define HAVE_STRING_H 1
| #define HAVE_INTTYPES_H 1
| #define HAVE_STDINT_H 1
| #define HAVE_STRINGS_H 1
| #define HAVE_SYS_STAT_H 1
| #define HAVE_SYS_TYPES_H 1
| #define HAVE_UNISTD_H 1
| #define STDC_HEADERS 1
| #define HAVE_DLFCN_H 1
| #define LT_OBJDIR ".libs/"
| #define LT_MODULE_EXT ".so"
| #define LT_MODULE_PATH_VAR "LD_LIBRARY_PATH"
| #define LT_DLSEARCH_PATH "/lib:/usr/lib:/opt/aravis/lib64/:/usr/lib64/atlas:/usr/lib64//bind9-export/:/usr/lib64/dyninst:/usr/lib64/iscsi:/usr/lib64/mysql:/usr/lib64/octave/3.8.2:/opt/open62541/lib:/usr/lib64/qt-3.3/lib:/opt/sybase/OCS-15_0/lib:/usr/lib64/tcl8.5/tclx8.4:/usr/lib64/xulrunner:/vlt/VLT2020/tcltk/lib64:/vlt/VLT2020/CCSLite/lib64"
| #define HAVE_LIBDL 1
| #define HAVE_DLERROR 1
| #define HAVE_LIBDLLOADER 1
| #define HAVE_ARGZ_H 1
| #define HAVE_ERROR_T 1
| #define HAVE_ARGZ_ADD 1
| #define HAVE_ARGZ_APPEND 1
| #define HAVE_ARGZ_COUNT 1
| #define HAVE_ARGZ_CREATE_SEP 1
| #define HAVE_ARGZ_INSERT 1
| #define HAVE_ARGZ_NEXT 1
| #define HAVE_ARGZ_STRINGIFY 1
| #define HAVE_WORKING_ARGZ 1
| #define HAVE_PRELOADED_SYMBOLS 1
| #define HAVE_LTDL 1
| #define HAVE_UNISTD_H 1
| /* end confdefs.h.  */
| #include <stddef.h>
| #ifdef HAVE_STDIO_H
| # include <stdio.h>
| #endif
| #ifdef HAVE_STDLIB_H
| # include <stdlib.h>
| #endif
| #ifdef HAVE_STRING_H
| # include <string.h>
| #endif
| #ifdef HAVE_INTTYPES_H
| # include <inttypes.h>
| #endif
| #ifdef HAVE_STDINT_H
| # include <stdint.h>
| #endif
| #ifdef HAVE_STRINGS_H
| # include <strings.h>
| #endif
| #ifdef HAVE_SYS_TYPES_H
| # include <sys/types.h>
| #endif
| #ifdef HAVE_SYS_STAT_H
| # include <sys/stat.h>
| #endif
| #ifdef HAVE_UNISTD_H
| # include <unistd.h>
| #endif
| 
| #include <sys/dl.h>
configure:14340: result: no
configure:14347: checking for dld.h
configure:14347: gcc -std=gnu11 -c -g -O2  conftest.c >&5
conftest.c:71:17: fatal error: dld.h: No such file or directory
 #include <dld.h>
                 ^
compilation terminated.
configure:14347: $? = 1
configure: failed program was:
| /* confdefs.h */
| #define PACKAGE_NAME "ESO Recipe Execution Tool"
| #define PACKAGE_TARNAME "esorex"
| #define PACKAGE_VERSION "3.13.5"
| #define PACKAGE_STRING "ESO Recipe Execution Tool 3.13.5"
| #define PACKAGE_BUGREPORT "cpl-help@eso.org"
| #define PACKAGE_URL ""
| #define PACKAGE "esorex"
| #define VERSION "3.13.5"
| #define HAVE_STDIO_H 1
| #define HAVE_STDLIB_H 1
| #define HAVE_STRING_H 1
| #define HAVE_INTTYPES_H 1
| #define HAVE_STDINT_H 1
| #define HAVE_STRINGS_H 1
| #define HAVE_SYS_STAT_H 1
| #define HAVE_SYS_TYPES_H 1
| #define HAVE_UNISTD_H 1
| #define STDC_HEADERS 1
| #define HAVE_DLFCN_H 1
| #define LT_OBJDIR ".libs/"
| #define LT_MODULE_EXT ".so"
| #define LT_MODULE_PATH_VAR "LD_LIBRARY_PATH"
| #define LT_DLSEARCH_PATH "/lib:/usr/lib:/opt/aravis/lib64/:/usr/lib64/atlas:/usr/lib64//bind9-export/:/usr/lib64/dyninst:/usr/lib64/iscsi:/usr/lib64/mysql:/usr/lib64/octave/3.8.2:/opt/open62541/lib:/usr/lib64/qt-3.3/lib:/opt/sybase/OCS-15_0/lib:/usr/lib64/tcl8.5/tclx8.4:/usr/lib64/xulrunner:/vlt/VLT2020/tcltk/lib64:/vlt/VLT2020/CCSLite/lib64"
| #define HAVE_LIBDL 1
| #define HAVE_DLERROR 1
| #define HAVE_LIBDLLOADER 1
| #define HAVE_ARGZ_H 1
| #define HAVE_ERROR_T 1
| #define HAVE_ARGZ_ADD 1
| #define HAVE_ARGZ_APPEND 1
| #define HAVE_ARGZ_COUNT 1
| #define HAVE_ARGZ_CREATE_SEP 1
| #define HAVE_ARGZ_INSERT 1
| #define HAVE_ARGZ_NEXT 1
| #define HAVE_ARGZ_STRINGIFY 1
| #define HAVE_WORKING_ARGZ 1
| #define HAVE_PRELOADED_SYMBOLS 1
| #define HAVE_LTDL 1
| #define HAVE_UNISTD_H 1
| /* end confdefs.h.  */
| #include <stddef.h>
| #ifdef HAVE_STDIO_H
| # include <stdio.h>
| #endif
| #ifdef HAVE_STDLIB_H
| # include <stdlib.h>
| #endif
| #ifdef HAVE_STRING_H
| # include <string.h>
| #endif
| #ifdef HAVE_INTTYPES_H
| # include <inttypes.h>
| #endif
| #ifdef HAVE_STDINT_H
| # include <stdint.h>
| #endif
| #ifdef HAVE_STRINGS_H
| # include <strings.h>
| #endif
| #ifdef HAVE_SYS_TYPES_H
| # include <sys/types.h>
| #endif
| #ifdef HAVE_SYS_STAT_H
| # include <sys/stat.h>
| #endif
| #ifdef HAVE_UNISTD_H
| # include <unistd.h>
| #endif
| 
| #include <dld.h>
configure:14347: result: no
configure:14354: checking for mach-o/dyld.h
configure:14354: gcc -std=gnu11 -c -g -O2  conftest.c >&5
conftest.c:71:25: fatal error: mach-o/dyld.h: No such file or directory
 #include <mach-o/dyld.h>
                         ^
compilation terminated.
configure:14354: $? = 1
configure: failed program was:
| /* confdefs.h */
| #define PACKAGE_NAME "ESO Recipe Execution Tool"
| #define PACKAGE_TARNAME "esorex"
| #define PACKAGE_VERSION "3.13.5"
| #define PACKAGE_STRING "ESO Recipe Execution Tool 3.13.5"
| #define PACKAGE_BUGREPORT "cpl-help@eso.org"
| #define PACKAGE_URL ""
| #define PACKAGE "esorex"
| #define VERSION "3.13.5"
| #define HAVE_STDIO_H 1
| #define HAVE_STDLIB_H 1
| #define HAVE_STRING_H 1
| #define HAVE_INTTYPES_H 1
| #define HAVE_STDINT_H 1
| #define HAVE_STRINGS_H 1
| #define HAVE_SYS_STAT_H 1
| #define HAVE_SYS_TYPES_H 1
| #define HAVE_UNISTD_H 1
| #define STDC_HEADERS 1
| #define HAVE_DLFCN_H 1
| #define LT_OBJDIR ".libs/"
| #define LT_MODULE_EXT ".so"
| #define LT_MODULE_PATH_VAR "LD_LIBRARY_PATH"
| #define LT_DLSEARCH_PATH "/lib:/usr/lib:/opt/aravis/lib64/:/usr/lib64/atlas:/usr/lib64//bind9-export/:/usr/lib64/dyninst:/usr/lib64/iscsi:/usr/lib64/mysql:/usr/lib64/octave/3.8.2:/opt/open62541/lib:/usr/lib64/qt-3.3/lib:/opt/sybase/OCS-15_0/lib:/usr/lib64/tcl8.5/tclx8.4:/usr/lib64/xulrunner:/vlt/VLT2020/tcltk/lib64:/vlt/VLT2020/CCSLite/lib64"
| #define HAVE_LIBDL 1
| #define HAVE_DLERROR 1
| #define HAVE_LIBDLLOADER 1
| #define HAVE_ARGZ_H 1
| #define HAVE_ERROR_T 1
| #define HAVE_ARGZ_ADD 1
| #define HAVE_ARGZ_APPEND 1
| #define HAVE_ARGZ_COUNT 1
| #define HAVE_ARGZ_CREATE_SEP 1
| #define HAVE_ARGZ_INSERT 1
| #define HAVE_ARGZ_NEXT 1
| #define HAVE_ARGZ_STRINGIFY 1
| #define HAVE_WORKING_ARGZ 1
| #define HAVE_PRELOADED_SYMBOLS 1
| #define HAVE_LTDL 1
| #define HAVE_UNISTD_H 1
| /* end confdefs.h.  */
| #include <stddef.h>
| #ifdef HAVE_STDIO_H
| # include <stdio.h>
| #endif
| #ifdef HAVE_STDLIB_H
| # include <stdlib.h>
| #endif
| #ifdef HAVE_STRING_H
| # include <string.h>
| #endif
| #ifdef HAVE_INTTYPES_H
| # include <inttypes.h>
| #endif
| #ifdef HAVE_STDINT_H
| # include <stdint.h>
| #endif
| #ifdef HAVE_STRINGS_H
| # include <strings.h>
| #endif
| #ifdef HAVE_SYS_TYPES_H
| # include <sys/types.h>
| #endif
| #ifdef HAVE_SYS_STAT_H
| # include <sys/stat.h>
| #endif
| #ifdef HAVE_UNISTD_H
| # include <unistd.h>
| #endif
| 
| #include <mach-o/dyld.h>
configure:14354: result: no
configure:14361: checking for dirent.h
configure:14361: gcc -std=gnu11 -c -g -O2  conftest.c >&5
configure:14361: $? = 0
configure:14361: result: yes
configure:14374: checking for closedir
configure:14374: gcc -std=gnu11 -o conftest -g -O2   conftest.c  >&5
configure:14374: $? = 0
configure:14374: result: yes
configure:14374: checking for opendir
configure:14374: gcc -std=gnu11 -o conftest -g -O2   conftest.c  >&5
configure:14374: $? = 0
configure:14374: result: yes
configure:14374: checking for readdir
configure:14374: gcc -std=gnu11 -o conftest -g -O2   conftest.c  >&5
configure:14374: $? = 0
configure:14374: result: yes
configure:14393: checking for strlcat
configure:14393: gcc -std=gnu11 -o conftest -g -O2   conftest.c  >&5
/tmp/ccIH0sFm.o: In function `main':
/diska/home/moonmgr/PipelineLibrary/pack2/esorex-3.13.5/conftest.c:73: undefined reference to `strlcat'
collect2: error: ld returned 1 exit status
configure:14393: $? = 1
configure: failed program was:
| /* confdefs.h */
| #define PACKAGE_NAME "ESO Recipe Execution Tool"
| #define PACKAGE_TARNAME "esorex"
| #define PACKAGE_VERSION "3.13.5"
| #define PACKAGE_STRING "ESO Recipe Execution Tool 3.13.5"
| #define PACKAGE_BUGREPORT "cpl-help@eso.org"
| #define PACKAGE_URL ""
| #define PACKAGE "esorex"
| #define VERSION "3.13.5"
| #define HAVE_STDIO_H 1
| #define HAVE_STDLIB_H 1
| #define HAVE_STRING_H 1
| #define HAVE_INTTYPES_H 1
| #define HAVE_STDINT_H 1
| #define HAVE_STRINGS_H 1
| #define HAVE_SYS_STAT_H 1
| #define HAVE_SYS_TYPES_H 1
| #define HAVE_UNISTD_H 1
| #define STDC_HEADERS 1
| #define HAVE_DLFCN_H 1
| #define LT_OBJDIR ".libs/"
| #define LT_MODULE_EXT ".so"
| #define LT_MODULE_PATH_VAR "LD_LIBRARY_PATH"
| #define LT_DLSEARCH_PATH "/lib:/usr/lib:/opt/aravis/lib64/:/usr/lib64/atlas:/usr/lib64//bind9-export/:/usr/lib64/dyninst:/usr/lib64/iscsi:/usr/lib64/mysql:/usr/lib64/octave/3.8.2:/opt/open62541/lib:/usr/lib64/qt-3.3/lib:/opt/sybase/OCS-15_0/lib:/usr/lib64/tcl8.5/tclx8.4:/usr/lib64/xulrunner:/vlt/VLT2020/tcltk/lib64:/vlt/VLT2020/CCSLite/lib64"
| #define HAVE_LIBDL 1
| #define HAVE_DLERROR 1
| #define HAVE_LIBDLLOADER 1
| #define HAVE_ARGZ_H 1
| #define HAVE_ERROR_T 1
| #define HAVE_ARGZ_ADD 1
| #define HAVE_ARGZ_APPEND 1
| #define HAVE_ARGZ_COUNT 1
| #define HAVE_ARGZ_CREATE_SEP 1
| #define HAVE_ARGZ_INSERT 1
| #define HAVE_ARGZ_NEXT 1
| #define HAVE_ARGZ_STRINGIFY 1
| #define HAVE_WORKING_ARGZ 1
| #define HAVE_PRELOADED_SYMBOLS 1
| #define HAVE_LTDL 1
| #define HAVE_UNISTD_H 1
| #define HAVE_DIRENT_H 1
| #define HAVE_CLOSEDIR 1
| #define HAVE_OPENDIR 1
| #define HAVE_READDIR 1
| /* end confdefs.h.  */
| /* Define strlcat to an innocuous variant, in case <limits.h> declares strlcat.
|    For example, HP-UX 11i <limits.h> declares gettimeofday.  */
| #define strlcat innocuous_strlcat
| 
| /* System header to define __stub macros and hopefully few prototypes,
|    which can conflict with char strlcat (); below.  */
| 
| #include <limits.h>
| #undef strlcat
| 
| /* Override any GCC internal prototype to avoid an error.
|    Use char because int might match the return type of a GCC
|    builtin and then its argument prototype would still apply.  */
| #ifdef __cplusplus
| extern "C"
| #endif
| char strlcat ();
| /* The GNU C library defines this for functions which it implements
|     to always fail with ENOSYS.  Some functions are actually named
|     something starting with __ and the normal name is an alias.  */
| #if defined __stub_strlcat || defined __stub___strlcat
| choke me
| #endif
| 
| int
| main (void)
| {
| return strlcat ();
|   ;
|   return 0;
| }
configure:14393: result: no
configure:14393: checking for strlcpy
configure:14393: gcc -std=gnu11 -o conftest -g -O2   conftest.c  >&5
/tmp/cc2Numwo.o: In function `main':
/diska/home/moonmgr/PipelineLibrary/pack2/esorex-3.13.5/conftest.c:73: undefined reference to `strlcpy'
collect2: error: ld returned 1 exit status
configure:14393: $? = 1
configure: failed program was:
| /* confdefs.h */
| #define PACKAGE_NAME "ESO Recipe Execution Tool"
| #define PACKAGE_TARNAME "esorex"
| #define PACKAGE_VERSION "3.13.5"
| #define PACKAGE_STRING "ESO Recipe Execution Tool 3.13.5"
| #define PACKAGE_BUGREPORT "cpl-help@eso.org"
| #define PACKAGE_URL ""
| #define PACKAGE "esorex"
| #define VERSION "3.13.5"
| #define HAVE_STDIO_H 1
| #define HAVE_STDLIB_H 1
| #define HAVE_STRING_H 1
| #define HAVE_INTTYPES_H 1
| #define HAVE_STDINT_H 1
| #define HAVE_STRINGS_H 1
| #define HAVE_SYS_STAT_H 1
| #define HAVE_SYS_TYPES_H 1
| #define HAVE_UNISTD_H 1
| #define STDC_HEADERS 1
| #define HAVE_DLFCN_H 1
| #define LT_OBJDIR ".libs/"
| #define LT_MODULE_EXT ".so"
| #define LT_MODULE_PATH_VAR "LD_LIBRARY_PATH"
| #define LT_DLSEARCH_PATH "/lib:/usr/lib:/opt/aravis/lib64/:/usr/lib64/atlas:/usr/lib64//bind9-export/:/usr/lib64/dyninst:/usr/lib64/iscsi:/usr/lib64/mysql:/usr/lib64/octave/3.8.2:/opt/open62541/lib:/usr/lib64/qt-3.3/lib:/opt/sybase/OCS-15_0/lib:/usr/lib64/tcl8.5/tclx8.4:/usr/lib64/xulrunner:/vlt/VLT2020/tcltk/lib64:/vlt/VLT2020/CCSLite/lib64"
| #define HAVE_LIBDL 1
| #define HAVE_DLERROR 1
| #define HAVE_LIBDLLOADER 1
| #define HAVE_ARGZ_H 1
| #define HAVE_ERROR_T 1
| #define HAVE_ARGZ_ADD 1
| #define HAVE_ARGZ_APPEND 1
| #define HAVE_ARGZ_COUNT 1
| #define HAVE_ARGZ_CREATE_SEP 1
| #define HAVE_ARGZ_INSERT 1
| #define HAVE_ARGZ_NEXT 1
| #define HAVE_ARGZ_STRINGIFY 1
| #define HAVE_WORKING_ARGZ 1
| #define HAVE_PRELOADED_SYMBOLS 1
| #define HAVE_LTDL 1
| #define HAVE_UNISTD_H 1
| #define HAVE_DIRENT_H 1
| #define HAVE_CLOSEDIR 1
| #define HAVE_OPENDIR 1
| #define HAVE_READDIR 1
| /* end confdefs.h.  */
| /* Define strlcpy to an innocuous variant, in case <limits.h> declares strlcpy.
|    For example, HP-UX 11i <limits.h> declares gettimeofday.  */
| #define strlcpy innocuous_strlcpy
| 
| /* System header to define __stub macros and hopefully few prototypes,
|    which can conflict with char strlcpy (); below.  */
| 
| #include <limits.h>
| #undef strlcpy
| 
| /* Override any GCC internal prototype to avoid an error.
|    Use char because int might match the return type of a GCC
|    builtin and then its argument prototype would still apply.  */
| #ifdef __cplusplus
| extern "C"
| #endif
| char strlcpy ();
| /* The GNU C library defines this for functions which it implements
|     to always fail with ENOSYS.  Some functions are actually named
|     something starting with __ and the normal name is an alias.  */
| #if defined __stub_strlcpy || defined __stub___strlcpy
| choke me
| #endif
| 
| int
| main (void)
| {
| return strlcpy ();
|   ;
|   return 0;
| }
configure:14393: result: no
configure:14503: checking for gcc
configure:14535: result: gcc
configure:14888: checking for C compiler version
configure:14897: gcc --version >&5
gcc (GCC) 4.8.5 20150623 (Red Hat 4.8.5-39)
Copyright (C) 2015 Free Software Foundation, Inc.
This is free software; see the source for copying conditions.  There is NO
warranty; not even for MERCHANTABILITY or FITNESS FOR A PARTICULAR PURPOSE.

configure:14908: $? = 0
configure:14897: gcc -v >&5
Using built-in specs.
COLLECT_GCC=gcc
COLLECT_LTO_WRAPPER=/usr/libexec/gcc/x86_64-redhat-linux/4.8.5/lto-wrapper
Target: x86_64-redhat-linux
Configured with: ../configure --prefix=/usr --mandir=/usr/share/man --infodir=/usr/share/info --with-bugurl=http://bugzilla.redhat.com/bugzilla --enable-bootstrap --enable-shared --enable-threads=posix --enable-checking=release --with-system-zlib --enable-__cxa_atexit --disable-libunwind-exceptions --enable-gnu-unique-object --enable-linker-build-id --with-linker-hash-style=gnu --enable-languages=c,c++,objc,obj-c++,java,fortran,ada,go,lto --enable-plugin --enable-initfini-array --disable-libgcj --with-isl=/builddir/build/BUILD/gcc-4.8.5-20150702/obj-x86_64-redhat-linux/isl-install --with-cloog=/builddir/build/BUILD/gcc-4.8.5-20150702/obj-x86_64-redhat-linux/cloog-install --enable-gnu-indirect-function --with-tune=generic --with-arch_32=x86-64 --build=x86_64-redhat-linux
Thread model: posix
gcc version 4.8.5 20150623 (Red Hat 4.8.5-39) (GCC) 
configure:14908: $? = 0
configure:14897: gcc -V >&5
gcc: error: unrecognized command line option '-V'
gcc: fatal error: no input files
compilation terminated.
configure:14908: $? = 4
configure:14897: gcc -qversion >&5
gcc: error: unrecognized command line option '-qversion'
gcc: fatal error: no input files
compilation terminated.
configure:14908: $? = 4
configure:14897: gcc -version >&5
gcc: error: unrecognized command line option '-version'
gcc: fatal error: no input files
compilation terminated.
configure:14908: $? = 4
configure:14912: checking whether the compiler supports GNU C
configure:14942: result: yes
configure:14953: checking whether gcc accepts -g
configure:15018: result: yes
configure:15038: checking for gcc option to enable C11 features
configure:15074: result: -std=gnu11
configure:15187: checking whether gcc -std=gnu11 understands -c and -o together
configure:15225: result: yes
configure:15244: checking dependency style of gcc -std=gnu11
configure:15356: result: gcc3
configure:15376: checking how to run the C preprocessor
configure:15402: gcc -std=gnu11 -E  conftest.c
configure:15402: $? = 0
configure:15417: gcc -std=gnu11 -E  conftest.c
conftest.c:48:28: fatal error: ac_nonexistent.h: No such file or directory
 #include <ac_nonexistent.h>
                            ^
compilation terminated.
configure:15417: $? = 1
configure: failed program was:
| /* confdefs.h */
| #define PACKAGE_NAME "ESO Recipe Execution Tool"
| #define PACKAGE_TARNAME "esorex"
| #define PACKAGE_VERSION "3.13.5"
| #define PACKAGE_STRING "ESO Recipe Execution Tool 3.13.5"
| #define PACKAGE_BUGREPORT "cpl-help@eso.org"
| #define PACKAGE_URL ""
| #define PACKAGE "esorex"
| #define VERSION "3.13.5"
| #define HAVE_STDIO_H 1
| #define HAVE_STDLIB_H 1
| #define HAVE_STRING_H 1
| #define HAVE_INTTYPES_H 1
| #define HAVE_STDINT_H 1
| #define HAVE_STRINGS_H 1
| #define HAVE_SYS_STAT_H 1
| #define HAVE_SYS_TYPES_H 1
| #define HAVE_UNISTD_H 1
| #define STDC_HEADERS 1
| #define HAVE_DLFCN_H 1
| #define LT_OBJDIR ".libs/"
| #define LT_MODULE_EXT ".so"
| #define LT_MODULE_PATH_VAR "LD_LIBRARY_PATH"
| #define LT_DLSEARCH_PATH "/lib:/usr/lib:/opt/aravis/lib64/:/usr/lib64/atlas:/usr/lib64//bind9-export/:/usr/lib64/dyninst:/usr/lib64/iscsi:/usr/lib64/mysql:/usr/lib64/octave/3.8.2:/opt/open62541/lib:/usr/lib64/qt-3.3/lib:/opt/sybase/OCS-15_0/lib:/usr/lib64/tcl8.5/tclx8.4:/usr/lib64/xulrunner:/vlt/VLT2020/tcltk/lib64:/vlt/VLT2020/CCSLite/lib64"
| #define HAVE_LIBDL 1
| #define HAVE_DLERROR 1
| #define HAVE_LIBDLLOADER 1
| #define HAVE_ARGZ_H 1
| #define HAVE_ERROR_T 1
| #define HAVE_ARGZ_ADD 1
| #define HAVE_ARGZ_APPEND 1
| #define HAVE_ARGZ_COUNT 1
| #define HAVE_ARGZ_CREATE_SEP 1
| #define HAVE_ARGZ_INSERT 1
| #define HAVE_ARGZ_NEXT 1
| #define HAVE_ARGZ_STRINGIFY 1
| #define HAVE_WORKING_ARGZ 1
| #define HAVE_PRELOADED_SYMBOLS 1
| #define HAVE_LTDL 1
| #define HAVE_UNISTD_H 1
| #define HAVE_DIRENT_H 1
| #define HAVE_CLOSEDIR 1
| #define HAVE_OPENDIR 1
| #define HAVE_READDIR 1
| #define LT_LIBEXT "a"
| #define LT_LIBPREFIX "lib"
| /* end confdefs.h.  */
| #include <ac_nonexistent.h>
configure:15444: result: gcc -std=gnu11 -E
configure:15458: gcc -std=gnu11 -E  conftest.c
configure:15458: $? = 0
configure:15473: gcc -std=gnu11 -E  conftest.c
conftest.c:48:28: fatal error: ac_nonexistent.h: No such file or directory
 #include <ac_nonexistent.h>
                            ^
compilation terminated.
configure:15473: $? = 1
configure: failed program was:
| /* confdefs.h */
| #define PACKAGE_NAME "ESO Recipe Execution Tool"
| #define PACKAGE_TARNAME "esorex"
| #define PACKAGE_VERSION "3.13.5"
| #define PACKAGE_STRING "ESO Recipe Execution Tool 3.13.5"
| #define PACKAGE_BUGREPORT "cpl-help@eso.org"
| #define PACKAGE_URL ""
| #define PACKAGE "esorex"
| #define VERSION "3.13.5"
| #define HAVE_STDIO_H 1
| #define HAVE_STDLIB_H 1
| #define HAVE_STRING_H 1
| #define HAVE_INTTYPES_H 1
| #define HAVE_STDINT_H 1
| #define HAVE_STRINGS_H 1
| #define HAVE_SYS_STAT_H 1
| #define HAVE_SYS_TYPES_H 1
| #define HAVE_UNISTD_H 1
| #define STDC_HEADERS 1
| #define HAVE_DLFCN_H 1
| #define LT_OBJDIR ".libs/"
| #define LT_MODULE_EXT ".so"
| #define LT_MODULE_PATH_VAR "LD_LIBRARY_PATH"
| #define LT_DLSEARCH_PATH "/lib:/usr/lib:/opt/aravis/lib64/:/usr/lib64/atlas:/usr/lib64//bind9-export/:/usr/lib64/dyninst:/usr/lib64/iscsi:/usr/lib64/mysql:/usr/lib64/octave/3.8.2:/opt/open62541/lib:/usr/lib64/qt-3.3/lib:/opt/sybase/OCS-15_0/lib:/usr/lib64/tcl8.5/tclx8.4:/usr/lib64/xulrunner:/vlt/VLT2020/tcltk/lib64:/vlt/VLT2020/CCSLite/lib64"
| #define HAVE_LIBDL 1
| #define HAVE_DLERROR 1
| #define HAVE_LIBDLLOADER 1
| #define HAVE_ARGZ_H 1
| #define HAVE_ERROR_T 1
| #define HAVE_ARGZ_ADD 1
| #define HAVE_ARGZ_APPEND 1
| #define HAVE_ARGZ_COUNT 1
| #define HAVE_ARGZ_CREATE_SEP 1
| #define HAVE_ARGZ_INSERT 1
| #define HAVE_ARGZ_NEXT 1
| #define HAVE_ARGZ_STRINGIFY 1
| #define HAVE_WORKING_ARGZ 1
| #define HAVE_PRELOADED_SYMBOLS 1
| #define HAVE_LTDL 1
| #define HAVE_UNISTD_H 1
| #define HAVE_DIRENT_H 1
| #define HAVE_CLOSEDIR 1
| #define HAVE_OPENDIR 1
| #define HAVE_READDIR 1
| #define LT_LIBEXT "a"
| #define LT_LIBPREFIX "lib"
| /* end confdefs.h.  */
| #include <ac_nonexistent.h>
configure:15573: checking for g++
configure:15594: found /usr/bin/g++
configure:15605: result: g++
configure:15632: checking for C++ compiler version
configure:15641: g++ --version >&5
g++ (GCC) 4.8.5 20150623 (Red Hat 4.8.5-39)
Copyright (C) 2015 Free Software Foundation, Inc.
This is free software; see the source for copying conditions.  There is NO
warranty; not even for MERCHANTABILITY or FITNESS FOR A PARTICULAR PURPOSE.

configure:15652: $? = 0
configure:15641: g++ -v >&5
Using built-in specs.
COLLECT_GCC=g++
COLLECT_LTO_WRAPPER=/usr/libexec/gcc/x86_64-redhat-linux/4.8.5/lto-wrapper
Target: x86_64-redhat-linux
Configured with: ../configure --prefix=/usr --mandir=/usr/share/man --infodir=/usr/share/info --with-bugurl=http://bugzilla.redhat.com/bugzilla --enable-bootstrap --enable-shared --enable-threads=posix --enable-checking=release --with-system-zlib --enable-__cxa_atexit --disable-libunwind-exceptions --enable-gnu-unique-object --enable-linker-build-id --with-linker-hash-style=gnu --enable-languages=c,c++,objc,obj-c++,java,fortran,ada,go,lto --enable-plugin --enable-initfini-array --disable-libgcj --with-isl=/builddir/build/BUILD/gcc-4.8.5-20150702/obj-x86_64-redhat-linux/isl-install --with-cloog=/builddir/build/BUILD/gcc-4.8.5-20150702/obj-x86_64-redhat-linux/cloog-install --enable-gnu-indirect-function --with-tune=generic --with-arch_32=x86-64 --build=x86_64-redhat-linux
Thread model: posix
gcc version 4.8.5 20150623 (Red Hat 4.8.5-39) (GCC) 
configure:15652: $? = 0
configure:15641: g++ -V >&5
g++: error: unrecognized command line option '-V'
g++: fatal error: no input files
compilation terminated.
configure:15652: $? = 4
configure:15641: g++ -qversion >&5
g++: error: unrecognized command line option '-qversion'
g++: fatal error: no input files
compilation terminated.
configure:15652: $? = 4
configure:15656: checking whether the compiler supports GNU C++
configure:15676: g++ -c   conftest.cpp >&5
configure:15676: $? = 0
configure:15686: result: yes
configure:15697: checking whether g++ accepts -g
configure:15718: g++ -c -g  conftest.cpp >&5
configure:15718: $? = 0
configure:15762: result: yes
configure:15782: checking for g++ option to enable C++11 features
configure:15797: g++  -c -g -O2  conftest.cpp >&5
conftest.cpp:94:3: error: #error "Compiler does not advertise C++11 conformance"
 # error "Compiler does not advertise C++11 conformance"
   ^
conftest.cpp:99:3: error: 'constexpr' does not name a type
   constexpr int get_val() { return 20; }
   ^
conftest.cpp:99:3: note: C++11 'constexpr' only available with -std=c++11 or -std=gnu++11
conftest.cpp: In constructor 'cxx11test::delegate::delegate()':
conftest.cpp:111:30: warning: delegating constructors only available with -std=c++11 or -std=gnu++11 [enabled by default]
     delegate(): delegate(2354) {}
                              ^
conftest.cpp: At global scope:
conftest.cpp:122:24: warning: override controls (override/final) only available with -std=c++11 or -std=gnu++11 [enabled by default]
     virtual int getval() override final { return this->n * 2; }
                        ^
conftest.cpp:122:26: warning: override controls (override/final) only available with -std=c++11 or -std=gnu++11 [enabled by default]
     virtual int getval() override final { return this->n * 2; }
                          ^
conftest.cpp:129:16: warning: defaulted and deleted functions only available with -std=c++11 or -std=gnu++11 [enabled by default]
     nocopy() = default;
                ^
conftest.cpp:130:29: warning: defaulted and deleted functions only available with -std=c++11 or -std=gnu++11 [enabled by default]
     nocopy(const nocopy&) = delete;
                             ^
conftest.cpp:131:41: warning: defaulted and deleted functions only available with -std=c++11 or -std=gnu++11 [enabled by default]
     nocopy & operator=(const nocopy&) = delete;
                                         ^
conftest.cpp:143:46: error: ISO C++ forbids declaration of 'sum' with no type [-fpermissive]
   template <typename V> auto sum(V first) -> V
                                              ^
conftest.cpp:143:46: error: top-level declaration of 'sum' specifies 'auto'
conftest.cpp:143:46: error: trailing return type only available with -std=c++11 or -std=gnu++11
conftest.cpp:147:33: warning: variadic templates only available with -std=c++11 or -std=gnu++11 [enabled by default]
   template <typename V, typename... Args> auto sum(V first, Args... rest) -> V
                                 ^
conftest.cpp:147:69: warning: variadic templates only available with -std=c++11 or -std=gnu++11 [enabled by default]
   template <typename V, typename... Args> auto sum(V first, Args... rest) -> V
                                                                     ^
conftest.cpp:147:78: error: ISO C++ forbids declaration of 'sum' with no type [-fpermissive]
   template <typename V, typename... Args> auto sum(V first, Args... rest) -> V
                                                                              ^
conftest.cpp:147:78: error: top-level declaration of 'sum' specifies 'auto'
conftest.cpp:147:78: error: trailing return type only available with -std=c++11 or -std=gnu++11
conftest.cpp: In function 'int main(int, char**)':
conftest.cpp:171:8: error: 'a1' does not name a type
   auto a1 = 6538;
        ^
conftest.cpp:172:8: error: 'a2' does not name a type
   auto a2 = 48573953.4;
        ^
conftest.cpp:173:8: error: 'a3' does not name a type
   auto a3 = "String literal";
        ^
conftest.cpp:176:13: error: 'i' does not name a type
   for (auto i = a3; *i; ++i) { total += *i; }
             ^
conftest.cpp:176:21: error: expected ';' before '*' token
   for (auto i = a3; *i; ++i) { total += *i; }
                     ^
conftest.cpp:176:22: error: 'i' was not declared in this scope
   for (auto i = a3; *i; ++i) { total += *i; }
                      ^
conftest.cpp:178:12: error: 'a2' was not declared in this scope
   decltype(a2) a4 = 34895.034;
            ^
conftest.cpp:178:14: error: 'decltype' was not declared in this scope
   decltype(a2) a4 = 34895.034;
              ^
conftest.cpp:178:16: error: expected ';' before 'a4'
   decltype(a2) a4 = 34895.034;
                ^
conftest.cpp:182:12: error: 'get_val' is not a member of 'cxx11test'
   short sa[cxx11test::get_val()] = { 0 };
            ^
conftest.cpp:192:14: error: ISO C++ forbids declaration of 'x' with no type [-fpermissive]
   for (auto &x : array) { x += 23; }
              ^
conftest.cpp:192:18: error: range-based 'for' loops are not allowed in C++98 mode
   for (auto &x : array) { x += 23; }
                  ^
conftest.cpp:197:41: warning: lambda expressions only available with -std=c++11 or -std=gnu++11 [enabled by default]
   assert (eval ([](int x) { return x*2; }, 21) == 42);
                                         ^
conftest.cpp:197:46: error: no matching function for call to 'eval(main(int, char**)::__lambda0, int)'
   assert (eval ([](int x) { return x*2; }, 21) == 42);
                                              ^
conftest.cpp:197:46: note: candidate is:
conftest.cpp:137:44: note: template<class Ret, class Fn> Ret cxx11test::eval(Fn, Ret)
   template <typename Ret, typename Fn> Ret eval(Fn f, Ret v)
                                            ^
conftest.cpp:137:44: note:   template argument deduction/substitution failed:
conftest.cpp: In substitution of 'template<class Ret, class Fn> Ret cxx11test::eval(Fn, Ret) [with Ret = int; Fn = main(int, char**)::__lambda0]':
conftest.cpp:197:46:   required from here
conftest.cpp:197:46: error: template argument for 'template<class Ret, class Fn> Ret cxx11test::eval(Fn, Ret)' uses local type 'main(int, char**)::__lambda0'
   assert (eval ([](int x) { return x*2; }, 21) == 42);
                                              ^
conftest.cpp:197:46: error:   trying to instantiate 'template<class Ret, class Fn> Ret cxx11test::eval(Fn, Ret)'
conftest.cpp:199:48: warning: lambda expressions only available with -std=c++11 or -std=gnu++11 [enabled by default]
   assert (eval ([&](double x) { return d += x; }, 3.0) == 5.0);
                                                ^
conftest.cpp:199:54: error: no matching function for call to 'eval(main(int, char**)::__lambda1, double)'
   assert (eval ([&](double x) { return d += x; }, 3.0) == 5.0);
                                                      ^
conftest.cpp:199:54: note: candidate is:
conftest.cpp:137:44: note: template<class Ret, class Fn> Ret cxx11test::eval(Fn, Ret)
   template <typename Ret, typename Fn> Ret eval(Fn f, Ret v)
                                            ^
conftest.cpp:137:44: note:   template argument deduction/substitution failed:
conftest.cpp: In substitution of 'template<class Ret, class Fn> Ret cxx11test::eval(Fn, Ret) [with Ret = double; Fn = main(int, char**)::__lambda1]':
conftest.cpp:199:54:   required from here
conftest.cpp:199:54: error: template argument for 'template<class Ret, class Fn> Ret cxx11test::eval(Fn, Ret)' uses local type 'main(int, char**)::__lambda1'
   assert (eval ([&](double x) { return d += x; }, 3.0) == 5.0);
                                                      ^
conftest.cpp:199:54: error:   trying to instantiate 'template<class Ret, class Fn> Ret cxx11test::eval(Fn, Ret)'
conftest.cpp:201:56: warning: lambda expressions only available with -std=c++11 or -std=gnu++11 [enabled by default]
   assert (eval ([=](double x) mutable { return d += x; }, 4.0) == 9.0);
                                                        ^
conftest.cpp:201:62: error: no matching function for call to 'eval(main(int, char**)::__lambda2, double)'
   assert (eval ([=](double x) mutable { return d += x; }, 4.0) == 9.0);
                                                              ^
conftest.cpp:201:62: note: candidate is:
conftest.cpp:137:44: note: template<class Ret, class Fn> Ret cxx11test::eval(Fn, Ret)
   template <typename Ret, typename Fn> Ret eval(Fn f, Ret v)
                                            ^
conftest.cpp:137:44: note:   template argument deduction/substitution failed:
conftest.cpp: In substitution of 'template<class Ret, class Fn> Ret cxx11test::eval(Fn, Ret) [with Ret = double; Fn = main(int, char**)::__lambda2]':
conftest.cpp:201:62:   required from here
conftest.cpp:201:62: error: template argument for 'template<class Ret, class Fn> Ret cxx11test::eval(Fn, Ret)' uses local type 'main(int, char**)::__lambda2'
   assert (eval ([=](double x) mutable { return d += x; }, 4.0) == 9.0);
                                                              ^
conftest.cpp:201:62: error:   trying to instantiate 'template<class Ret, class Fn> Ret cxx11test::eval(Fn, Ret)'
conftest.cpp:206:20: error: 'cxx11test::sum' has not been declared
   using cxx11test::sum;
                    ^
conftest.cpp:207:8: error: 'a' does not name a type
   auto a = sum(1);
        ^
conftest.cpp:208:8: error: 'b' does not name a type
   auto b = sum(1, 2);
        ^
conftest.cpp:209:8: error: 'c' does not name a type
   auto c = sum(1.0, 2.0, 3.0);
        ^
conftest.cpp:223:13: error: 'nullptr' was not declared in this scope
   char *c = nullptr;
             ^
conftest.cpp:227:36: error: '>>' should be '> >' within a nested template argument list
   test_template<::test_template<int>> v(test_template<int>(12));
                                    ^
conftest.cpp:227:16: error: '<::' cannot begin a template-argument list [-fpermissive]
   test_template<::test_template<int>> v(test_template<int>(12));
                ^
conftest.cpp:227:16: note: '<:' is an alternate spelling for '['. Insert whitespace between '<' and '::'
conftest.cpp:227:16: note: (if you use '-fpermissive' or '-std=c++11', or '-std=gnu++11' G++ will accept your code)
conftest.cpp:231:22: error: 'u8' was not declared in this scope
   char const *utf8 = u8"UTF-8 string \u2500";
                      ^
conftest.cpp:232:3: error: 'char16_t' was not declared in this scope
   char16_t const *utf16 = u"UTF-8 string \u2500";
   ^
conftest.cpp:232:12: error: expected ';' before 'const'
   char16_t const *utf16 = u"UTF-8 string \u2500";
            ^
conftest.cpp:233:3: error: 'char32_t' was not declared in this scope
   char32_t const *utf32 = U"UTF-32 string \u2500";
   ^
conftest.cpp:233:12: error: expected ';' before 'const'
   char32_t const *utf32 = U"UTF-32 string \u2500";
            ^
configure:15797: $? = 1
configure: failed program was:
| /* confdefs.h */
| #define PACKAGE_NAME "ESO Recipe Execution Tool"
| #define PACKAGE_TARNAME "esorex"
| #define PACKAGE_VERSION "3.13.5"
| #define PACKAGE_STRING "ESO Recipe Execution Tool 3.13.5"
| #define PACKAGE_BUGREPORT "cpl-help@eso.org"
| #define PACKAGE_URL ""
| #define PACKAGE "esorex"
| #define VERSION "3.13.5"
| #define HAVE_STDIO_H 1
| #define HAVE_STDLIB_H 1
| #define HAVE_STRING_H 1
| #define HAVE_INTTYPES_H 1
| #define HAVE_STDINT_H 1
| #define HAVE_STRINGS_H 1
| #define HAVE_SYS_STAT_H 1
| #define HAVE_SYS_TYPES_H 1
| #define HAVE_UNISTD_H 1
| #define STDC_HEADERS 1
| #define HAVE_DLFCN_H 1
| #define LT_OBJDIR ".libs/"
| #define LT_MODULE_EXT ".so"
| #define LT_MODULE_PATH_VAR "LD_LIBRARY_PATH"
| #define LT_DLSEARCH_PATH "/lib:/usr/lib:/opt/aravis/lib64/:/usr/lib64/atlas:/usr/lib64//bind9-export/:/usr/lib64/dyninst:/usr/lib64/iscsi:/usr/lib64/mysql:/usr/lib64/octave/3.8.2:/opt/open62541/lib:/usr/lib64/qt-3.3/lib:/opt/sybase/OCS-15_0/lib:/usr/lib64/tcl8.5/tclx8.4:/usr/lib64/xulrunner:/vlt/VLT2020/tcltk/lib64:/vlt/VLT2020/CCSLite/lib64"
| #define HAVE_LIBDL 1
| #define HAVE_DLERROR 1
| #define HAVE_LIBDLLOADER 1
| #define HAVE_ARGZ_H 1
| #define HAVE_ERROR_T 1
| #define HAVE_ARGZ_ADD 1
| #define HAVE_ARGZ_APPEND 1
| #define HAVE_ARGZ_COUNT 1
| #define HAVE_ARGZ_CREATE_SEP 1
| #define HAVE_ARGZ_INSERT 1
| #define HAVE_ARGZ_NEXT 1
| #define HAVE_ARGZ_STRINGIFY 1
| #define HAVE_WORKING_ARGZ 1
| #define HAVE_PRELOADED_SYMBOLS 1
| #define HAVE_LTDL 1
| #define HAVE_UNISTD_H 1
| #define HAVE_DIRENT_H 1
| #define HAVE_CLOSEDIR 1
| #define HAVE_OPENDIR 1
| #define HAVE_READDIR 1
| #define LT_LIBEXT "a"
| #define LT_LIBPREFIX "lib"
| /* end confdefs.h.  */
| 
| // Does the compiler advertise C++98 conformance?
| #if !defined __cplusplus || __cplusplus < 199711L
| # error "Compiler does not advertise C++98 conformance"
| #endif
| 
| // These inclusions are to reject old compilers that
| // lack the unsuffixed header files.
| #include <cstdlib>
| #include <exception>
| 
| // <cassert> and <cstring> are *not* freestanding headers in C++98.
| extern void assert (int);
| namespace std {
|   extern int strcmp (const char *, const char *);
| }
| 
| // Namespaces, exceptions, and templates were all added after "C++ 2.0".
| using std::exception;
| using std::strcmp;
| 
| namespace {
| 
| void test_exception_syntax()
| {
|   try {
|     throw "test";
|   } catch (const char *s) {
|     // Extra parentheses suppress a warning when building autoconf itself,
|     // due to lint rules shared with more typical C programs.
|     assert (!(strcmp) (s, "test"));
|   }
| }
| 
| template <typename T> struct test_template
| {
|   T const val;
|   explicit test_template(T t) : val(t) {}
|   template <typename U> T add(U u) { return static_cast<T>(u) + val; }
| };
| 
| } // anonymous namespace
| 
| 
| // Does the compiler advertise C++ 2011 conformance?
| #if !defined __cplusplus || __cplusplus < 201103L
| # error "Compiler does not advertise C++11 conformance"
| #endif
| 
| namespace cxx11test
| {
|   constexpr int get_val() { return 20; }
| 
|   struct testinit
|   {
|     int i;
|     double d;
|   };
| 
|   class delegate
|   {
|   public:
|     delegate(int n) : n(n) {}
|     delegate(): delegate(2354) {}
| 
|     virtual int getval() { return this->n; };
|   protected:
|     int n;
|   };
| 
|   class overridden : public delegate
|   {
|   public:
|     overridden(int n): delegate(n) {}
|     virtual int getval() override final { return this->n * 2; }
|   };
| 
|   class nocopy
|   {
|   public:
|     nocopy(int i): i(i) {}
|     nocopy() = default;
|     nocopy(const nocopy&) = delete;
|     nocopy & operator=(const nocopy&) = delete;
|   private:
|     int i;
|   };
| 
|   // for testing lambda expressions
|   template <typename Ret, typename Fn> Ret eval(Fn f, Ret v)
|   {
|     return f(v);
|   }
| 
|   // for testing variadic templates and trailing return types
|   template <typename V> auto sum(V first) -> V
|   {
|     return first;
|   }
|   template <typename V, typename... Args> auto sum(V first, Args... rest) -> V
|   {
|     return first + sum(rest...);
|   }
| }
| 
| 
| int
| main (int argc, char **argv)
| {
|   int ok = 0;
|   
|   assert (argc);
|   assert (! argv[0]);
| {
|   test_exception_syntax ();
|   test_template<double> tt (2.0);
|   assert (tt.add (4) == 6.0);
|   assert (true && !false);
| }
| 
|   
| {
|   // Test auto and decltype
|   auto a1 = 6538;
|   auto a2 = 48573953.4;
|   auto a3 = "String literal";
| 
|   int total = 0;
|   for (auto i = a3; *i; ++i) { total += *i; }
| 
|   decltype(a2) a4 = 34895.034;
| }
| {
|   // Test constexpr
|   short sa[cxx11test::get_val()] = { 0 };
| }
| {
|   // Test initializer lists
|   cxx11test::testinit il = { 4323, 435234.23544 };
| }
| {
|   // Test range-based for
|   int array[] = {9, 7, 13, 15, 4, 18, 12, 10, 5, 3,
|                  14, 19, 17, 8, 6, 20, 16, 2, 11, 1};
|   for (auto &x : array) { x += 23; }
| }
| {
|   // Test lambda expressions
|   using cxx11test::eval;
|   assert (eval ([](int x) { return x*2; }, 21) == 42);
|   double d = 2.0;
|   assert (eval ([&](double x) { return d += x; }, 3.0) == 5.0);
|   assert (d == 5.0);
|   assert (eval ([=](double x) mutable { return d += x; }, 4.0) == 9.0);
|   assert (d == 5.0);
| }
| {
|   // Test use of variadic templates
|   using cxx11test::sum;
|   auto a = sum(1);
|   auto b = sum(1, 2);
|   auto c = sum(1.0, 2.0, 3.0);
| }
| {
|   // Test constructor delegation
|   cxx11test::delegate d1;
|   cxx11test::delegate d2();
|   cxx11test::delegate d3(45);
| }
| {
|   // Test override and final
|   cxx11test::overridden o1(55464);
| }
| {
|   // Test nullptr
|   char *c = nullptr;
| }
| {
|   // Test template brackets
|   test_template<::test_template<int>> v(test_template<int>(12));
| }
| {
|   // Unicode literals
|   char const *utf8 = u8"UTF-8 string \u2500";
|   char16_t const *utf16 = u"UTF-8 string \u2500";
|   char32_t const *utf32 = U"UTF-32 string \u2500";
| }
| 
|   return ok;
| }
| 
configure:15815: result: none needed
configure:15881: checking dependency style of g++
configure:15993: result: gcc3
configure:16026: checking how to run the C++ preprocessor
configure:16048: g++ -E  conftest.cpp
configure:16048: $? = 0
configure:16063: g++ -E  conftest.cpp
conftest.cpp:48:28: fatal error: ac_nonexistent.h: No such file or directory
 #include <ac_nonexistent.h>
                            ^
compilation terminated.
configure:16063: $? = 1
configure: failed program was:
| /* confdefs.h */
| #define PACKAGE_NAME "ESO Recipe Execution Tool"
| #define PACKAGE_TARNAME "esorex"
| #define PACKAGE_VERSION "3.13.5"
| #define PACKAGE_STRING "ESO Recipe Execution Tool 3.13.5"
| #define PACKAGE_BUGREPORT "cpl-help@eso.org"
| #define PACKAGE_URL ""
| #define PACKAGE "esorex"
| #define VERSION "3.13.5"
| #define HAVE_STDIO_H 1
| #define HAVE_STDLIB_H 1
| #define HAVE_STRING_H 1
| #define HAVE_INTTYPES_H 1
| #define HAVE_STDINT_H 1
| #define HAVE_STRINGS_H 1
| #define HAVE_SYS_STAT_H 1
| #define HAVE_SYS_TYPES_H 1
| #define HAVE_UNISTD_H 1
| #define STDC_HEADERS 1
| #define HAVE_DLFCN_H 1
| #define LT_OBJDIR ".libs/"
| #define LT_MODULE_EXT ".so"
| #define LT_MODULE_PATH_VAR "LD_LIBRARY_PATH"
| #define LT_DLSEARCH_PATH "/lib:/usr/lib:/opt/aravis/lib64/:/usr/lib64/atlas:/usr/lib64//bind9-export/:/usr/lib64/dyninst:/usr/lib64/iscsi:/usr/lib64/mysql:/usr/lib64/octave/3.8.2:/opt/open62541/lib:/usr/lib64/qt-3.3/lib:/opt/sybase/OCS-15_0/lib:/usr/lib64/tcl8.5/tclx8.4:/usr/lib64/xulrunner:/vlt/VLT2020/tcltk/lib64:/vlt/VLT2020/CCSLite/lib64"
| #define HAVE_LIBDL 1
| #define HAVE_DLERROR 1
| #define HAVE_LIBDLLOADER 1
| #define HAVE_ARGZ_H 1
| #define HAVE_ERROR_T 1
| #define HAVE_ARGZ_ADD 1
| #define HAVE_ARGZ_APPEND 1
| #define HAVE_ARGZ_COUNT 1
| #define HAVE_ARGZ_CREATE_SEP 1
| #define HAVE_ARGZ_INSERT 1
| #define HAVE_ARGZ_NEXT 1
| #define HAVE_ARGZ_STRINGIFY 1
| #define HAVE_WORKING_ARGZ 1
| #define HAVE_PRELOADED_SYMBOLS 1
| #define HAVE_LTDL 1
| #define HAVE_UNISTD_H 1
| #define HAVE_DIRENT_H 1
| #define HAVE_CLOSEDIR 1
| #define HAVE_OPENDIR 1
| #define HAVE_READDIR 1
| #define LT_LIBEXT "a"
| #define LT_LIBPREFIX "lib"
| /* end confdefs.h.  */
| #include <ac_nonexistent.h>
configure:16090: result: g++ -E
configure:16104: g++ -E  conftest.cpp
configure:16104: $? = 0
configure:16119: g++ -E  conftest.cpp
conftest.cpp:48:28: fatal error: ac_nonexistent.h: No such file or directory
 #include <ac_nonexistent.h>
                            ^
compilation terminated.
configure:16119: $? = 1
configure: failed program was:
| /* confdefs.h */
| #define PACKAGE_NAME "ESO Recipe Execution Tool"
| #define PACKAGE_TARNAME "esorex"
| #define PACKAGE_VERSION "3.13.5"
| #define PACKAGE_STRING "ESO Recipe Execution Tool 3.13.5"
| #define PACKAGE_BUGREPORT "cpl-help@eso.org"
| #define PACKAGE_URL ""
| #define PACKAGE "esorex"
| #define VERSION "3.13.5"
| #define HAVE_STDIO_H 1
| #define HAVE_STDLIB_H 1
| #define HAVE_STRING_H 1
| #define HAVE_INTTYPES_H 1
| #define HAVE_STDINT_H 1
| #define HAVE_STRINGS_H 1
| #define HAVE_SYS_STAT_H 1
| #define HAVE_SYS_TYPES_H 1
| #define HAVE_UNISTD_H 1
| #define STDC_HEADERS 1
| #define HAVE_DLFCN_H 1
| #define LT_OBJDIR ".libs/"
| #define LT_MODULE_EXT ".so"
| #define LT_MODULE_PATH_VAR "LD_LIBRARY_PATH"
| #define LT_DLSEARCH_PATH "/lib:/usr/lib:/opt/aravis/lib64/:/usr/lib64/atlas:/usr/lib64//bind9-export/:/usr/lib64/dyninst:/usr/lib64/iscsi:/usr/lib64/mysql:/usr/lib64/octave/3.8.2:/opt/open62541/lib:/usr/lib64/qt-3.3/lib:/opt/sybase/OCS-15_0/lib:/usr/lib64/tcl8.5/tclx8.4:/usr/lib64/xulrunner:/vlt/VLT2020/tcltk/lib64:/vlt/VLT2020/CCSLite/lib64"
| #define HAVE_LIBDL 1
| #define HAVE_DLERROR 1
| #define HAVE_LIBDLLOADER 1
| #define HAVE_ARGZ_H 1
| #define HAVE_ERROR_T 1
| #define HAVE_ARGZ_ADD 1
| #define HAVE_ARGZ_APPEND 1
| #define HAVE_ARGZ_COUNT 1
| #define HAVE_ARGZ_CREATE_SEP 1
| #define HAVE_ARGZ_INSERT 1
| #define HAVE_ARGZ_NEXT 1
| #define HAVE_ARGZ_STRINGIFY 1
| #define HAVE_WORKING_ARGZ 1
| #define HAVE_PRELOADED_SYMBOLS 1
| #define HAVE_LTDL 1
| #define HAVE_UNISTD_H 1
| #define HAVE_DIRENT_H 1
| #define HAVE_CLOSEDIR 1
| #define HAVE_OPENDIR 1
| #define HAVE_READDIR 1
| #define LT_LIBEXT "a"
| #define LT_LIBPREFIX "lib"
| /* end confdefs.h.  */
| #include <ac_nonexistent.h>
configure:16284: checking for ld used by g++
configure:16352: result: /usr/bin/ld -m elf_x86_64
configure:16359: checking if the linker (/usr/bin/ld -m elf_x86_64) is GNU ld
configure:16375: result: yes
configure:16430: checking whether the g++ linker (/usr/bin/ld -m elf_x86_64) supports shared libraries
configure:17507: result: yes
configure:17543: g++ -c -g -O2  conftest.cpp >&5
configure:17546: $? = 0
configure:18027: checking for g++ option to produce PIC
configure:18035: result: -fPIC -DPIC
configure:18043: checking if g++ PIC flag -fPIC -DPIC works
configure:18062: g++ -c -g -O2  -fPIC -DPIC -DPIC conftest.cpp >&5
configure:18066: $? = 0
configure:18079: result: yes
configure:18102: checking if g++ static flag -static works
configure:18131: result: yes
configure:18143: checking if g++ supports -c -o file.o
configure:18165: g++ -c -g -O2  -o out/conftest2.o conftest.cpp >&5
configure:18169: $? = 0
configure:18191: result: yes
configure:18196: checking if g++ supports -c -o file.o
configure:18244: result: yes
configure:18274: checking whether the g++ linker (/usr/bin/ld -m elf_x86_64) supports shared libraries
configure:18314: result: yes
configure:18456: checking dynamic linker characteristics
configure:19204: result: GNU/Linux ld.so
configure:19269: checking how to hardcode library paths into programs
configure:19294: result: immediate
configure:19339: checking how to run the C++ preprocessor
configure:19403: result: g++ -E
configure:19417: g++ -E  conftest.cpp
configure:19417: $? = 0
configure:19432: g++ -E  conftest.cpp
conftest.cpp:48:28: fatal error: ac_nonexistent.h: No such file or directory
 #include <ac_nonexistent.h>
                            ^
compilation terminated.
configure:19432: $? = 1
configure: failed program was:
| /* confdefs.h */
| #define PACKAGE_NAME "ESO Recipe Execution Tool"
| #define PACKAGE_TARNAME "esorex"
| #define PACKAGE_VERSION "3.13.5"
| #define PACKAGE_STRING "ESO Recipe Execution Tool 3.13.5"
| #define PACKAGE_BUGREPORT "cpl-help@eso.org"
| #define PACKAGE_URL ""
| #define PACKAGE "esorex"
| #define VERSION "3.13.5"
| #define HAVE_STDIO_H 1
| #define HAVE_STDLIB_H 1
| #define HAVE_STRING_H 1
| #define HAVE_INTTYPES_H 1
| #define HAVE_STDINT_H 1
| #define HAVE_STRINGS_H 1
| #define HAVE_SYS_STAT_H 1
| #define HAVE_SYS_TYPES_H 1
| #define HAVE_UNISTD_H 1
| #define STDC_HEADERS 1
| #define HAVE_DLFCN_H 1
| #define LT_OBJDIR ".libs/"
| #define LT_MODULE_EXT ".so"
| #define LT_MODULE_PATH_VAR "LD_LIBRARY_PATH"
| #define LT_DLSEARCH_PATH "/lib:/usr/lib:/opt/aravis/lib64/:/usr/lib64/atlas:/usr/lib64//bind9-export/:/usr/lib64/dyninst:/usr/lib64/iscsi:/usr/lib64/mysql:/usr/lib64/octave/3.8.2:/opt/open62541/lib:/usr/lib64/qt-3.3/lib:/opt/sybase/OCS-15_0/lib:/usr/lib64/tcl8.5/tclx8.4:/usr/lib64/xulrunner:/vlt/VLT2020/tcltk/lib64:/vlt/VLT2020/CCSLite/lib64"
| #define HAVE_LIBDL 1
| #define HAVE_DLERROR 1
| #define HAVE_LIBDLLOADER 1
| #define HAVE_ARGZ_H 1
| #define HAVE_ERROR_T 1
| #define HAVE_ARGZ_ADD 1
| #define HAVE_ARGZ_APPEND 1
| #define HAVE_ARGZ_COUNT 1
| #define HAVE_ARGZ_CREATE_SEP 1
| #define HAVE_ARGZ_INSERT 1
| #define HAVE_ARGZ_NEXT 1
| #define HAVE_ARGZ_STRINGIFY 1
| #define HAVE_WORKING_ARGZ 1
| #define HAVE_PRELOADED_SYMBOLS 1
| #define HAVE_LTDL 1
| #define HAVE_UNISTD_H 1
| #define HAVE_DIRENT_H 1
| #define HAVE_CLOSEDIR 1
| #define HAVE_OPENDIR 1
| #define HAVE_READDIR 1
| #define LT_LIBEXT "a"
| #define LT_LIBPREFIX "lib"
| /* end confdefs.h.  */
| #include <ac_nonexistent.h>
configure:19467: checking whether gcc -std=gnu11 supports -std=c99
configure:19503: result: yes
configure:19530: checking whether debugging code should be created
configure:19538: result: no
configure:19887: checking whether strict compiler options should be used
configure:19895: result: no
configure:20020: checking whether gcc -std=gnu11 and cc understand -c and -o together
configure:20052: gcc -std=gnu11 -c conftest.c -o conftest2.o >&5
configure:20056: $? = 0
configure:20062: gcc -std=gnu11 -c conftest.c -o conftest2.o >&5
configure:20066: $? = 0
configure:20077: cc -c conftest.c >&5
configure:20081: $? = 0
configure:20089: cc -c conftest.c -o conftest2.o >&5
configure:20093: $? = 0
configure:20099: cc -c conftest.c -o conftest2.o >&5
configure:20103: $? = 0
configure:20121: result: yes
configure:20136: checking whether g++ understands -c and -o together
configure:20161: g++ -g -O2 -c conftest.cpp -o conftest2.o >&5
configure:20165: $? = 0
configure:20172: g++ -g -O2 -c conftest.cpp -o conftest2.o >&5
configure:20176: $? = 0
configure:20184: result: yes
configure:20202: checking for pkg-config
configure:20223: found /usr/bin/pkg-config
configure:20234: result: pkg-config
configure:20248: checking for doxygen
configure:20271: found /usr/bin/doxygen
configure:20283: result: /usr/bin/doxygen
configure:20295: checking for latex
configure:20318: found /usr/bin/latex
configure:20330: result: /usr/bin/latex
configure:20351: checking for socket in -lsocket
configure:20374: gcc -std=gnu11 -o conftest -g -O2 -std=c99  -D_POSIX_C_SOURCE=200809L -D_XOPEN_SOURCE=500  conftest.c -lsocket   >&5
/usr/bin/ld: cannot find -lsocket
collect2: error: ld returned 1 exit status
configure:20374: $? = 1
configure: failed program was:
| /* confdefs.h */
| #define PACKAGE_NAME "ESO Recipe Execution Tool"
| #define PACKAGE_TARNAME "esorex"
| #define PACKAGE_VERSION "3.13.5"
| #define PACKAGE_STRING "ESO Recipe Execution Tool 3.13.5"
| #define PACKAGE_BUGREPORT "cpl-help@eso.org"
| #define PACKAGE_URL ""
| #define PACKAGE "esorex"
| #define VERSION "3.13.5"
| #define HAVE_STDIO_H 1
| #define HAVE_STDLIB_H 1
| #define HAVE_STRING_H 1
| #define HAVE_INTTYPES_H 1
| #define HAVE_STDINT_H 1
| #define HAVE_STRINGS_H 1
| #define HAVE_SYS_STAT_H 1
| #define HAVE_SYS_TYPES_H 1
| #define HAVE_UNISTD_H 1
| #define STDC_HEADERS 1
| #define HAVE_DLFCN_H 1
| #define LT_OBJDIR ".libs/"
| #define LT_MODULE_EXT ".so"
| #define LT_MODULE_PATH_VAR "LD_LIBRARY_PATH"
| #define LT_DLSEARCH_PATH "/lib:/usr/lib:/opt/aravis/lib64/:/usr/lib64/atlas:/usr/lib64//bind9-export/:/usr/lib64/dyninst:/usr/lib64/iscsi:/usr/lib64/mysql:/usr/lib64/octave/3.8.2:/opt/open62541/lib:/usr/lib64/qt-3.3/lib:/opt/sybase/OCS-15_0/lib:/usr/lib64/tcl8.5/tclx8.4:/usr/lib64/xulrunner:/vlt/VLT2020/tcltk/lib64:/vlt/VLT2020/CCSLite/lib64"
| #define HAVE_LIBDL 1
| #define HAVE_DLERROR 1
| #define HAVE_LIBDLLOADER 1
| #define HAVE_ARGZ_H 1
| #define HAVE_ERROR_T 1
| #define HAVE_ARGZ_ADD 1
| #define HAVE_ARGZ_APPEND 1
| #define HAVE_ARGZ_COUNT 1
| #define HAVE_ARGZ_CREATE_SEP 1
| #define HAVE_ARGZ_INSERT 1
| #define HAVE_ARGZ_NEXT 1
| #define HAVE_ARGZ_STRINGIFY 1
| #define HAVE_WORKING_ARGZ 1
| #define HAVE_PRELOADED_SYMBOLS 1
| #define HAVE_LTDL 1
| #define HAVE_UNISTD_H 1
| #define HAVE_DIRENT_H 1
| #define HAVE_CLOSEDIR 1
| #define HAVE_OPENDIR 1
| #define HAVE_READDIR 1
| #define LT_LIBEXT "a"
| #define LT_LIBPREFIX "lib"
| /* end confdefs.h.  */
| 
| /* Override any GCC internal prototype to avoid an error.
|    Use char because int might match the return type of a GCC
|    builtin and then its argument prototype would still apply.  */
| char socket ();
| int
| main (void)
| {
| return socket ();
|   ;
|   return 0;
| }
configure:20384: result: no
configure:20391: checking for inet_ntoa in -lnsl
configure:20414: gcc -std=gnu11 -o conftest -g -O2 -std=c99  -D_POSIX_C_SOURCE=200809L -D_XOPEN_SOURCE=500  conftest.c -lnsl   >&5
configure:20414: $? = 0
configure:20424: result: yes
configure:20451: checking for libavcall
configure:20515: gcc -std=gnu11 -c   -D_POSIX_C_SOURCE=200809L -D_XOPEN_SOURCE=500 conftest.c >&5
conftest.c:49:43: fatal error: avcall.h: No such file or directory
                        #include <avcall.h>
                                           ^
compilation terminated.
configure:20515: $? = 1
configure: failed program was:
| /* confdefs.h */
| #define PACKAGE_NAME "ESO Recipe Execution Tool"
| #define PACKAGE_TARNAME "esorex"
| #define PACKAGE_VERSION "3.13.5"
| #define PACKAGE_STRING "ESO Recipe Execution Tool 3.13.5"
| #define PACKAGE_BUGREPORT "cpl-help@eso.org"
| #define PACKAGE_URL ""
| #define PACKAGE "esorex"
| #define VERSION "3.13.5"
| #define HAVE_STDIO_H 1
| #define HAVE_STDLIB_H 1
| #define HAVE_STRING_H 1
| #define HAVE_INTTYPES_H 1
| #define HAVE_STDINT_H 1
| #define HAVE_STRINGS_H 1
| #define HAVE_SYS_STAT_H 1
| #define HAVE_SYS_TYPES_H 1
| #define HAVE_UNISTD_H 1
| #define STDC_HEADERS 1
| #define HAVE_DLFCN_H 1
| #define LT_OBJDIR ".libs/"
| #define LT_MODULE_EXT ".so"
| #define LT_MODULE_PATH_VAR "LD_LIBRARY_PATH"
| #define LT_DLSEARCH_PATH "/lib:/usr/lib:/opt/aravis/lib64/:/usr/lib64/atlas:/usr/lib64//bind9-export/:/usr/lib64/dyninst:/usr/lib64/iscsi:/usr/lib64/mysql:/usr/lib64/octave/3.8.2:/opt/open62541/lib:/usr/lib64/qt-3.3/lib:/opt/sybase/OCS-15_0/lib:/usr/lib64/tcl8.5/tclx8.4:/usr/lib64/xulrunner:/vlt/VLT2020/tcltk/lib64:/vlt/VLT2020/CCSLite/lib64"
| #define HAVE_LIBDL 1
| #define HAVE_DLERROR 1
| #define HAVE_LIBDLLOADER 1
| #define HAVE_ARGZ_H 1
| #define HAVE_ERROR_T 1
| #define HAVE_ARGZ_ADD 1
| #define HAVE_ARGZ_APPEND 1
| #define HAVE_ARGZ_COUNT 1
| #define HAVE_ARGZ_CREATE_SEP 1
| #define HAVE_ARGZ_INSERT 1
| #define HAVE_ARGZ_NEXT 1
| #define HAVE_ARGZ_STRINGIFY 1
| #define HAVE_WORKING_ARGZ 1
| #define HAVE_PRELOADED_SYMBOLS 1
| #define HAVE_LTDL 1
| #define HAVE_UNISTD_H 1
| #define HAVE_DIRENT_H 1
| #define HAVE_CLOSEDIR 1
| #define HAVE_OPENDIR 1
| #define HAVE_READDIR 1
| #define LT_LIBEXT "a"
| #define LT_LIBPREFIX "lib"
| /* end confdefs.h.  */
| 
|                        #include <avcall.h>
| 
| int
| main (void)
| {
| 
|                        av_alist alist;
| 
|   ;
|   return 0;
| }
configure:20547: gcc -std=gnu11 -o conftest   -D_POSIX_C_SOURCE=200809L -D_XOPEN_SOURCE=500  conftest.c  >&5
conftest.c:49:40: fatal error: avcall.h: No such file or directory
                     #include <avcall.h>
                                        ^
compilation terminated.
configure:20547: $? = 1
configure: failed program was:
| /* confdefs.h */
| #define PACKAGE_NAME "ESO Recipe Execution Tool"
| #define PACKAGE_TARNAME "esorex"
| #define PACKAGE_VERSION "3.13.5"
| #define PACKAGE_STRING "ESO Recipe Execution Tool 3.13.5"
| #define PACKAGE_BUGREPORT "cpl-help@eso.org"
| #define PACKAGE_URL ""
| #define PACKAGE "esorex"
| #define VERSION "3.13.5"
| #define HAVE_STDIO_H 1
| #define HAVE_STDLIB_H 1
| #define HAVE_STRING_H 1
| #define HAVE_INTTYPES_H 1
| #define HAVE_STDINT_H 1
| #define HAVE_STRINGS_H 1
| #define HAVE_SYS_STAT_H 1
| #define HAVE_SYS_TYPES_H 1
| #define HAVE_UNISTD_H 1
| #define STDC_HEADERS 1
| #define HAVE_DLFCN_H 1
| #define LT_OBJDIR ".libs/"
| #define LT_MODULE_EXT ".so"
| #define LT_MODULE_PATH_VAR "LD_LIBRARY_PATH"
| #define LT_DLSEARCH_PATH "/lib:/usr/lib:/opt/aravis/lib64/:/usr/lib64/atlas:/usr/lib64//bind9-export/:/usr/lib64/dyninst:/usr/lib64/iscsi:/usr/lib64/mysql:/usr/lib64/octave/3.8.2:/opt/open62541/lib:/usr/lib64/qt-3.3/lib:/opt/sybase/OCS-15_0/lib:/usr/lib64/tcl8.5/tclx8.4:/usr/lib64/xulrunner:/vlt/VLT2020/tcltk/lib64:/vlt/VLT2020/CCSLite/lib64"
| #define HAVE_LIBDL 1
| #define HAVE_DLERROR 1
| #define HAVE_LIBDLLOADER 1
| #define HAVE_ARGZ_H 1
| #define HAVE_ERROR_T 1
| #define HAVE_ARGZ_ADD 1
| #define HAVE_ARGZ_APPEND 1
| #define HAVE_ARGZ_COUNT 1
| #define HAVE_ARGZ_CREATE_SEP 1
| #define HAVE_ARGZ_INSERT 1
| #define HAVE_ARGZ_NEXT 1
| #define HAVE_ARGZ_STRINGIFY 1
| #define HAVE_WORKING_ARGZ 1
| #define HAVE_PRELOADED_SYMBOLS 1
| #define HAVE_LTDL 1
| #define HAVE_UNISTD_H 1
| #define HAVE_DIRENT_H 1
| #define HAVE_CLOSEDIR 1
| #define HAVE_OPENDIR 1
| #define HAVE_READDIR 1
| #define LT_LIBEXT "a"
| #define LT_LIBPREFIX "lib"
| /* end confdefs.h.  */
| 
|                     #include <avcall.h>
|                     int func(int x) { return x+3; }
| 
| int
| main (void)
| {
| 
|                     int result;
|                     av_alist alist;
|                     av_start_int(alist, &func, &result);
|                     av_int(alist, (int)2);
|                     av_call(alist);
| 
|   ;
|   return 0;
| }
configure:20575: result: no
configure:20634: checking for libffi
configure:20696: gcc -std=gnu11 -c   -D_POSIX_C_SOURCE=200809L -D_XOPEN_SOURCE=500 conftest.c >&5
conftest.c:49:40: fatal error: ffi.h: No such file or directory
                        #include <ffi.h>
                                        ^
compilation terminated.
configure:20696: $? = 1
configure: failed program was:
| /* confdefs.h */
| #define PACKAGE_NAME "ESO Recipe Execution Tool"
| #define PACKAGE_TARNAME "esorex"
| #define PACKAGE_VERSION "3.13.5"
| #define PACKAGE_STRING "ESO Recipe Execution Tool 3.13.5"
| #define PACKAGE_BUGREPORT "cpl-help@eso.org"
| #define PACKAGE_URL ""
| #define PACKAGE "esorex"
| #define VERSION "3.13.5"
| #define HAVE_STDIO_H 1
| #define HAVE_STDLIB_H 1
| #define HAVE_STRING_H 1
| #define HAVE_INTTYPES_H 1
| #define HAVE_STDINT_H 1
| #define HAVE_STRINGS_H 1
| #define HAVE_SYS_STAT_H 1
| #define HAVE_SYS_TYPES_H 1
| #define HAVE_UNISTD_H 1
| #define STDC_HEADERS 1
| #define HAVE_DLFCN_H 1
| #define LT_OBJDIR ".libs/"
| #define LT_MODULE_EXT ".so"
| #define LT_MODULE_PATH_VAR "LD_LIBRARY_PATH"
| #define LT_DLSEARCH_PATH "/lib:/usr/lib:/opt/aravis/lib64/:/usr/lib64/atlas:/usr/lib64//bind9-export/:/usr/lib64/dyninst:/usr/lib64/iscsi:/usr/lib64/mysql:/usr/lib64/octave/3.8.2:/opt/open62541/lib:/usr/lib64/qt-3.3/lib:/opt/sybase/OCS-15_0/lib:/usr/lib64/tcl8.5/tclx8.4:/usr/lib64/xulrunner:/vlt/VLT2020/tcltk/lib64:/vlt/VLT2020/CCSLite/lib64"
| #define HAVE_LIBDL 1
| #define HAVE_DLERROR 1
| #define HAVE_LIBDLLOADER 1
| #define HAVE_ARGZ_H 1
| #define HAVE_ERROR_T 1
| #define HAVE_ARGZ_ADD 1
| #define HAVE_ARGZ_APPEND 1
| #define HAVE_ARGZ_COUNT 1
| #define HAVE_ARGZ_CREATE_SEP 1
| #define HAVE_ARGZ_INSERT 1
| #define HAVE_ARGZ_NEXT 1
| #define HAVE_ARGZ_STRINGIFY 1
| #define HAVE_WORKING_ARGZ 1
| #define HAVE_PRELOADED_SYMBOLS 1
| #define HAVE_LTDL 1
| #define HAVE_UNISTD_H 1
| #define HAVE_DIRENT_H 1
| #define HAVE_CLOSEDIR 1
| #define HAVE_OPENDIR 1
| #define HAVE_READDIR 1
| #define LT_LIBEXT "a"
| #define LT_LIBPREFIX "lib"
| /* end confdefs.h.  */
| 
|                        #include <ffi.h>
| 
| int
| main (void)
| {
| 
|                        ffi_cif cif;
| 
|   ;
|   return 0;
| }
configure:20733: gcc -std=gnu11 -o conftest   -D_POSIX_C_SOURCE=200809L -D_XOPEN_SOURCE=500  conftest.c -lffi >&5
conftest.c:49:37: fatal error: ffi.h: No such file or directory
                     #include <ffi.h>
                                     ^
compilation terminated.
configure:20733: $? = 1
configure: failed program was:
| /* confdefs.h */
| #define PACKAGE_NAME "ESO Recipe Execution Tool"
| #define PACKAGE_TARNAME "esorex"
| #define PACKAGE_VERSION "3.13.5"
| #define PACKAGE_STRING "ESO Recipe Execution Tool 3.13.5"
| #define PACKAGE_BUGREPORT "cpl-help@eso.org"
| #define PACKAGE_URL ""
| #define PACKAGE "esorex"
| #define VERSION "3.13.5"
| #define HAVE_STDIO_H 1
| #define HAVE_STDLIB_H 1
| #define HAVE_STRING_H 1
| #define HAVE_INTTYPES_H 1
| #define HAVE_STDINT_H 1
| #define HAVE_STRINGS_H 1
| #define HAVE_SYS_STAT_H 1
| #define HAVE_SYS_TYPES_H 1
| #define HAVE_UNISTD_H 1
| #define STDC_HEADERS 1
| #define HAVE_DLFCN_H 1
| #define LT_OBJDIR ".libs/"
| #define LT_MODULE_EXT ".so"
| #define LT_MODULE_PATH_VAR "LD_LIBRARY_PATH"
| #define LT_DLSEARCH_PATH "/lib:/usr/lib:/opt/aravis/lib64/:/usr/lib64/atlas:/usr/lib64//bind9-export/:/usr/lib64/dyninst:/usr/lib64/iscsi:/usr/lib64/mysql:/usr/lib64/octave/3.8.2:/opt/open62541/lib:/usr/lib64/qt-3.3/lib:/opt/sybase/OCS-15_0/lib:/usr/lib64/tcl8.5/tclx8.4:/usr/lib64/xulrunner:/vlt/VLT2020/tcltk/lib64:/vlt/VLT2020/CCSLite/lib64"
| #define HAVE_LIBDL 1
| #define HAVE_DLERROR 1
| #define HAVE_LIBDLLOADER 1
| #define HAVE_ARGZ_H 1
| #define HAVE_ERROR_T 1
| #define HAVE_ARGZ_ADD 1
| #define HAVE_ARGZ_APPEND 1
| #define HAVE_ARGZ_COUNT 1
| #define HAVE_ARGZ_CREATE_SEP 1
| #define HAVE_ARGZ_INSERT 1
| #define HAVE_ARGZ_NEXT 1
| #define HAVE_ARGZ_STRINGIFY 1
| #define HAVE_WORKING_ARGZ 1
| #define HAVE_PRELOADED_SYMBOLS 1
| #define HAVE_LTDL 1
| #define HAVE_UNISTD_H 1
| #define HAVE_DIRENT_H 1
| #define HAVE_CLOSEDIR 1
| #define HAVE_OPENDIR 1
| #define HAVE_READDIR 1
| #define LT_LIBEXT "a"
| #define LT_LIBPREFIX "lib"
| /* end confdefs.h.  */
| 
|                     #include <ffi.h>
|                     int func(int x) { return x+3; }
| 
| int
| main (void)
| {
| 
|                     int result;
|                     int value = 2;
|                     ffi_cif cif;
|                     ffi_type * argtypes[1];
|                     void * values[1];
|                     argtypes[0] = &ffi_type_sint;
|                     values[0] = &value;
|                     ffi_prep_cif(&cif, FFI_DEFAULT_ABI, 1,
|                                  &ffi_type_sint, argtypes);
|                     ffi_call(&cif, func, &result, values);
| 
|   ;
|   return 0;
| }
configure:20761: result: no
configure:20816: checking whether Python based recipes can be supported
configure:20837: result: no
configure:20868: checking for egrep
configure:20936: result: /usr/bin/grep -E
configure:20945: checking for dirent.h that defines DIR
configure:20965: gcc -std=gnu11 -c -g -O2 -std=c99  -D_POSIX_C_SOURCE=200809L -D_XOPEN_SOURCE=500 conftest.c >&5
configure:20965: $? = 0
configure:20974: result: yes
configure:20988: checking for library containing opendir
configure:21018: gcc -std=gnu11 -o conftest -g -O2 -std=c99  -D_POSIX_C_SOURCE=200809L -D_XOPEN_SOURCE=500  conftest.c  -lnsl >&5
configure:21018: $? = 0
configure:21038: result: none required
configure:21109: checking whether stat file-mode macros are broken
configure:21137: gcc -std=gnu11 -c -g -O2 -std=c99  -D_POSIX_C_SOURCE=200809L -D_XOPEN_SOURCE=500 conftest.c >&5
configure:21137: $? = 0
configure:21145: result: no
configure:21153: checking for fcntl.h
configure:21153: gcc -std=gnu11 -c -g -O2 -std=c99  -D_POSIX_C_SOURCE=200809L -D_XOPEN_SOURCE=500 conftest.c >&5
configure:21153: $? = 0
configure:21153: result: yes
configure:21159: checking for stdlib.h
configure:21159: result: yes
configure:21165: checking for string.h
configure:21165: result: yes
configure:21171: checking for unistd.h
configure:21171: result: yes
configure:21177: checking for sys/stat.h
configure:21177: result: yes
configure:21183: checking for sys/types.h
configure:21183: result: yes
configure:21189: checking for pwd.h
configure:21189: gcc -std=gnu11 -c -g -O2 -std=c99  -D_POSIX_C_SOURCE=200809L -D_XOPEN_SOURCE=500 conftest.c >&5
configure:21189: $? = 0
configure:21189: result: yes
configure:21198: checking for an ANSI C-conforming const
configure:21265: gcc -std=gnu11 -c -g -O2 -std=c99  -D_POSIX_C_SOURCE=200809L -D_XOPEN_SOURCE=500 conftest.c >&5
configure:21265: $? = 0
configure:21273: result: yes
configure:21281: checking for inline
configure:21298: gcc -std=gnu11 -c -g -O2 -std=c99  -D_POSIX_C_SOURCE=200809L -D_XOPEN_SOURCE=500 conftest.c >&5
configure:21298: $? = 0
configure:21307: result: inline
configure:21325: checking for struct stat.st_blksize
configure:21325: gcc -std=gnu11 -c -g -O2 -std=c99  -D_POSIX_C_SOURCE=200809L -D_XOPEN_SOURCE=500 conftest.c >&5
configure:21325: $? = 0
configure:21325: result: yes
configure:21345: checking for special C compiler options needed for large files
configure:21393: result: no
configure:21399: checking for _FILE_OFFSET_BITS value needed for large files
configure:21425: gcc -std=gnu11 -c -g -O2 -std=c99  -D_POSIX_C_SOURCE=200809L -D_XOPEN_SOURCE=500 conftest.c >&5
configure:21425: $? = 0
configure:21459: result: no
configure:21543: checking whether closedir returns void
configure:21564: gcc -std=gnu11 -c -g -O2 -std=c99  -D_POSIX_C_SOURCE=200809L -D_XOPEN_SOURCE=500 conftest.c >&5
configure:21564: $? = 0
configure:21572: result: no
configure:21580: checking whether lstat correctly handles trailing slash
configure:21613: gcc -std=gnu11 -o conftest -g -O2 -std=c99  -D_POSIX_C_SOURCE=200809L -D_XOPEN_SOURCE=500  conftest.c  -lnsl >&5
configure:21613: $? = 0
configure:21613: ./conftest
configure:21613: $? = 0
configure:21631: result: yes
configure:21648: checking whether stat accepts an empty string
configure:21670: gcc -std=gnu11 -o conftest -g -O2 -std=c99  -D_POSIX_C_SOURCE=200809L -D_XOPEN_SOURCE=500  conftest.c  -lnsl >&5
configure:21670: $? = 0
configure:21670: ./conftest
configure:21670: $? = 0
configure:21681: result: no
configure:21695: checking for getcwd
configure:21695: gcc -std=gnu11 -o conftest -g -O2 -std=c99  -D_POSIX_C_SOURCE=200809L -D_XOPEN_SOURCE=500  conftest.c  -lnsl >&5
configure:21695: $? = 0
configure:21695: result: yes
configure:21717: checking whether symlink is declared
configure:21717: gcc -std=gnu11 -c -g -O2 -std=c99   -D_POSIX_C_SOURCE=200809L -D_XOPEN_SOURCE=500 conftest.c >&5
configure:21717: $? = 0
configure:21717: result: yes
configure:21730: checking for symlink
configure:21730: gcc -std=gnu11 -o conftest -g -O2 -std=c99 -pedantic-errors  -D_POSIX_C_SOURCE=200809L -D_XOPEN_SOURCE=500  conftest.c  -lnsl >&5
configure:21730: $? = 0
configure:21730: result: yes
configure:21768: checking whether lstat is declared
configure:21768: gcc -std=gnu11 -c -g -O2 -std=c99   -D_POSIX_C_SOURCE=200809L -D_XOPEN_SOURCE=500 conftest.c >&5
configure:21768: $? = 0
configure:21768: result: yes
configure:21781: checking for lstat
configure:21781: gcc -std=gnu11 -o conftest -g -O2 -std=c99 -pedantic-errors  -D_POSIX_C_SOURCE=200809L -D_XOPEN_SOURCE=500  conftest.c  -lnsl >&5
configure:21781: $? = 0
configure:21781: result: yes
configure:21820: checking whether getopt_long_only is declared
configure:21820: gcc -std=gnu11 -c -g -O2 -std=c99   -D_POSIX_C_SOURCE=200809L -D_XOPEN_SOURCE=500 conftest.c >&5
configure:21820: $? = 0
configure:21820: result: yes
configure:21833: checking for getopt_long_only
configure:21833: gcc -std=gnu11 -o conftest -g -O2 -std=c99 -pedantic-errors  -D_POSIX_C_SOURCE=200809L -D_XOPEN_SOURCE=500  conftest.c  -lnsl >&5
configure:21833: $? = 0
configure:21833: result: yes
configure:21930: checking for libcext
configure:22019: gcc -std=gnu11 -c -I/usr/include/cext -I/usr/include  -D_POSIX_C_SOURCE=200809L -D_XOPEN_SOURCE=500 conftest.c >&5
configure:22019: $? = 0
configure:22048: gcc -std=gnu11 -o conftest -I/usr/include/cext -I/usr/include  -D_POSIX_C_SOURCE=200809L -D_XOPEN_SOURCE=500  conftest.c -lcext -lpthread >&5
configure:22048: $? = 0
configure:22093: result: yes
configure:22170: checking for CPL
configure:22251: gcc -std=gnu11 -c -I/usr/include/cpl -I/usr/include  -D_POSIX_C_SOURCE=200809L -D_XOPEN_SOURCE=500 conftest.c >&5
configure:22251: $? = 0
configure:22280: gcc -std=gnu11 -o conftest -I/usr/include/cpl -I/usr/include  -D_POSIX_C_SOURCE=200809L -D_XOPEN_SOURCE=500  conftest.c -lcplcore >&5
configure:22280: $? = 0
configure:22325: result: yes
configure:22540: checking for extra includes
configure:22564: result: no
configure:22569: checking for extra libs
configure:22593: result: no
configure:22601: checking if cpl_parameter_duplicate needs workaround
configure:22648: gcc -std=gnu11 -o conftest -I/usr/include/cpl -I/usr/include  -D_POSIX_C_SOURCE=200809L -D_XOPEN_SOURCE=500  conftest.c -lcplcore -lcplui >&5
configure:22648: $? = 0
configure:22648: ./conftest
configure:22648: $? = 0
configure:22684: result: no
configure:22726: checking what extension is used for runtime loadable modules
configure:22739: result: .so
configure:22870: checking that generated files are newer than configure
configure:22876: result: done
configure:22948: creating ./config.status

## ---------------------- ##
## Running config.status. ##
## ---------------------- ##

This file was extended by ESO Recipe Execution Tool config.status 3.13.5, which was
generated by GNU Autoconf 2.71.  Invocation command line was

  CONFIG_FILES    = 
  CONFIG_HEADERS  = 
  CONFIG_LINKS    = 
  CONFIG_COMMANDS = 
  $ ./config.status 

on wmoons

config.status:1248: creating Makefile
config.status:1248: creating Doxyfile
config.status:1248: creating src/Makefile
config.status:1248: creating src/tests/Makefile
config.status:1248: creating etc/Makefile
config.status:1248: creating etc/esorex.rc
config.status:1248: creating config.h
config.status:1429: config.h is unchanged
config.status:1477: executing depfiles commands
config.status:1554: cd src       && sed -e '/# am--include-marker/d' Makefile         | make -f - am--depfiles
make: Nothing to be done for `am--depfiles'.
config.status:1559: $? = 0
config.status:1554: cd src/tests       && sed -e '/# am--include-marker/d' Makefile         | make -f - am--depfiles
make: Nothing to be done for `am--depfiles'.
config.status:1559: $? = 0
config.status:1477: executing libtool commands
configure:25425: === configuring in libltdl (/diska/home/moonmgr/PipelineLibrary/pack2/esorex-3.13.5/libltdl)
configure:25486: running /bin/sh ./configure --disable-option-checking '--prefix=/diska/home/moonmgr/qllib'  'CC=gcc' --cache-file=/dev/null --srcdir=.

## ---------------- ##
## Cache variables. ##
## ---------------- ##

ac_cv_build=x86_64-pc-linux-gnu
ac_cv_c_compiler_gnu=yes
ac_cv_c_const=yes
ac_cv_c_inline=inline
ac_cv_c_undeclared_builtin_options='none needed'
ac_cv_cxx_compiler_gnu=yes
ac_cv_env_CCC_set=
ac_cv_env_CCC_value=
ac_cv_env_CC_set=set
ac_cv_env_CC_value=gcc
ac_cv_env_CFLAGS_set=
ac_cv_env_CFLAGS_value=
ac_cv_env_CPPFLAGS_set=
ac_cv_env_CPPFLAGS_value=
ac_cv_env_CPP_set=
ac_cv_env_CPP_value=
ac_cv_env_CXXCPP_set=
ac_cv_env_CXXCPP_value=
ac_cv_env_CXXFLAGS_set=
ac_cv_env_CXXFLAGS_value=
ac_cv_env_CXX_set=
ac_cv_env_CXX_value=
ac_cv_env_DOXYGEN_set=
ac_cv_env_DOXYGEN_value=
ac_cv_env_LATEX_set=
ac_cv_env_LATEX_value=
ac_cv_env_LDFLAGS_set=
ac_cv_env_LDFLAGS_value=
ac_cv_env_LIBS_set=
ac_cv_env_LIBS_value=
ac_cv_env_LT_SYS_LIBRARY_PATH_set=
ac_cv_env_LT_SYS_LIBRARY_PATH_value=
ac_cv_env_PKGCONFIG_set=
ac_cv_env_PKGCONFIG_value=
ac_cv_env_build_alias_set=
ac_cv_env_build_alias_value=
ac_cv_env_host_alias_set=
ac_cv_env_host_alias_value=
ac_cv_env_target_alias_set=
ac_cv_env_target_alias_value=
ac_cv_func_argz_add=yes
ac_cv_func_argz_append=yes
ac_cv_func_argz_count=yes
ac_cv_func_argz_create_sep=yes
ac_cv_func_argz_insert=yes
ac_cv_func_argz_next=yes
ac_cv_func_argz_stringify=yes
ac_cv_func_closedir=yes
ac_cv_func_closedir_void=no
ac_cv_func_dlerror=yes
ac_cv_func_getcwd=yes
ac_cv_func_getopt_long_only=yes
ac_cv_func_lstat=yes
ac_cv_func_lstat_dereferences_slashed_symlink=yes
ac_cv_func_opendir=yes
ac_cv_func_readdir=yes
ac_cv_func_shl_load=no
ac_cv_func_stat_empty_string_bug=no
ac_cv_func_strlcat=no
ac_cv_func_strlcpy=no
ac_cv_func_symlink=yes
ac_cv_have_decl_getopt_long_only=yes
ac_cv_have_decl_lstat=yes
ac_cv_have_decl_lt_dlinterface_register=yes
ac_cv_have_decl_symlink=yes
ac_cv_header_argz_h=yes
ac_cv_header_dirent_dirent_h=yes
ac_cv_header_dirent_h=yes
ac_cv_header_dl_h=no
ac_cv_header_dld_h=no
ac_cv_header_dlfcn_h=yes
ac_cv_header_fcntl_h=yes
ac_cv_header_inttypes_h=yes
ac_cv_header_ltdl_h=yes
ac_cv_header_mach_o_dyld_h=no
ac_cv_header_pwd_h=yes
ac_cv_header_stat_broken=no
ac_cv_header_stdint_h=yes
ac_cv_header_stdio_h=yes
ac_cv_header_stdlib_h=yes
ac_cv_header_string_h=yes
ac_cv_header_strings_h=yes
ac_cv_header_sys_dl_h=no
ac_cv_header_sys_stat_h=yes
ac_cv_header_sys_types_h=yes
ac_cv_header_unistd_h=yes
ac_cv_host=x86_64-pc-linux-gnu
ac_cv_lib_dld_dld_link=no
ac_cv_lib_dld_shl_load=no
ac_cv_lib_ltdl_lt_dladvise_preload=yes
ac_cv_lib_nsl_inet_ntoa=yes
ac_cv_lib_socket_socket=no
ac_cv_member_struct_stat_st_blksize=yes
ac_cv_objext=o
ac_cv_path_DOXYGEN=/usr/bin/doxygen
ac_cv_path_EGREP='/usr/bin/grep -E'
ac_cv_path_FGREP='/usr/bin/grep -F'
ac_cv_path_GREP=/usr/bin/grep
ac_cv_path_LATEX=/usr/bin/latex
ac_cv_path_SED=/usr/bin/sed
ac_cv_path_install='/usr/bin/install -c'
ac_cv_path_lt_DD=/usr/bin/dd
ac_cv_path_mkdir=/usr/bin/mkdir
ac_cv_prog_AWK=gawk
ac_cv_prog_CPP='gcc -std=gnu11 -E'
ac_cv_prog_CXXCPP='g++ -E'
ac_cv_prog_PKGCONFIG=pkg-config
ac_cv_prog_ac_ct_AR=ar
ac_cv_prog_ac_ct_CC=gcc
ac_cv_prog_ac_ct_CXX=g++
ac_cv_prog_ac_ct_OBJDUMP=objdump
ac_cv_prog_ac_ct_RANLIB=ranlib
ac_cv_prog_ac_ct_STRIP=strip
ac_cv_prog_cc_c11=-std=gnu11
ac_cv_prog_cc_g=yes
ac_cv_prog_cc_gcc_c_o=yes
ac_cv_prog_cc_stdc=-std=gnu11
ac_cv_prog_cxx_11=no
ac_cv_prog_cxx_c_o=yes
ac_cv_prog_cxx_g=yes
ac_cv_prog_cxx_stdcxx=
ac_cv_prog_make_make_set=yes
ac_cv_search_dlopen=-ldl
ac_cv_search_opendir='none required'
ac_cv_sys_file_offset_bits=no
ac_cv_sys_largefile_CC=no
ac_cv_target=x86_64-pc-linux-gnu
ac_cv_type_error_t=yes
am_cv_CC_dependencies_compiler_type=gcc3
am_cv_CXX_dependencies_compiler_type=gcc3
am_cv_make_support_nested_variables=yes
am_cv_prog_cc_c_o=yes
eso_cv_enable_debug=no
eso_cv_enable_strict=no
eso_cv_prog_cc_std_c99=yes
eso_cv_with_extra_includes=NONE
eso_cv_with_extra_libs=NONE
esorex_cv_enable_pyrecipes=no
libltdl_cv_lib_dl_dlopen=yes
libltdl_cv_preloaded_symbols=yes
libltdl_cv_shlibext=.so
libltdl_cv_shrext=.so
lt_cv_ar_at_file=@
lt_cv_archive_cmds_need_lc=no
lt_cv_deplibs_check_method=pass_all
lt_cv_file_magic_cmd='$MAGIC_CMD'
lt_cv_file_magic_test_file=
lt_cv_ld_reload_flag=-r
lt_cv_module_path_var=LD_LIBRARY_PATH
lt_cv_nm_interface='BSD nm'
lt_cv_objdir=.libs
lt_cv_path_LD=/usr/bin/ld
lt_cv_path_LDCXX='/usr/bin/ld -m elf_x86_64'
lt_cv_path_NM='/usr/bin/nm -B'
lt_cv_path_mainfest_tool=no
lt_cv_prog_compiler_c_o=yes
lt_cv_prog_compiler_c_o_CXX=yes
lt_cv_prog_compiler_pic='-fPIC -DPIC'
lt_cv_prog_compiler_pic_CXX='-fPIC -DPIC'
lt_cv_prog_compiler_pic_works=yes
lt_cv_prog_compiler_pic_works_CXX=yes
lt_cv_prog_compiler_rtti_exceptions=no
lt_cv_prog_compiler_static_works=yes
lt_cv_prog_compiler_static_works_CXX=yes
lt_cv_prog_gnu_ld=yes
lt_cv_prog_gnu_ldcxx=yes
lt_cv_sharedlib_from_linklib_cmd='printf %s\n'
lt_cv_shlibpath_overrides_runpath=no
lt_cv_sys_argz_works=yes
lt_cv_sys_dlopen_deplibs=yes
lt_cv_sys_dlsearch_path='/lib /usr/lib /opt/aravis/lib64/ /usr/lib64/atlas /usr/lib64//bind9-export/ /usr/lib64/dyninst /usr/lib64/iscsi /usr/lib64/mysql /usr/lib64/octave/3.8.2 /opt/open62541/lib /usr/lib64/qt-3.3/lib /opt/sybase/OCS-15_0/lib /usr/lib64/tcl8.5/tclx8.4 /usr/lib64/xulrunner /vlt/VLT2020/tcltk/lib64 /vlt/VLT2020/CCSLite/lib64 '
lt_cv_sys_global_symbol_pipe='sed -n -e '\''s/^.*[	 ]\([ABCDGIRSTW][ABCDGIRSTW]*\)[	 ][	 ]*\([_A-Za-z][_A-Za-z0-9]*\)$/\1 \2 \2/p'\'' | sed '\''/ __gnu_lto/d'\'''
lt_cv_sys_global_symbol_to_c_name_address='sed -n -e '\''s/^: \(.*\) .*$/  {"\1", (void *) 0},/p'\'' -e '\''s/^[ABCDGIRSTW][ABCDGIRSTW]* .* \(.*\)$/  {"\1", (void *) \&\1},/p'\'''
lt_cv_sys_global_symbol_to_c_name_address_lib_prefix='sed -n -e '\''s/^: \(.*\) .*$/  {"\1", (void *) 0},/p'\'' -e '\''s/^[ABCDGIRSTW][ABCDGIRSTW]* .* \(lib.*\)$/  {"\1", (void *) \&\1},/p'\'' -e '\''s/^[ABCDGIRSTW][ABCDGIRSTW]* .* \(.*\)$/  {"lib\1", (void *) \&\1},/p'\'''
lt_cv_sys_global_symbol_to_cdecl='sed -n -e '\''s/^T .* \(.*\)$/extern int \1();/p'\'' -e '\''s/^[ABCDGIRSTW][ABCDGIRSTW]* .* \(.*\)$/extern char \1;/p'\'''
lt_cv_sys_global_symbol_to_import=
lt_cv_sys_max_cmd_len=12582912
lt_cv_sys_symbol_underscore=no
lt_cv_to_host_file_cmd=func_convert_file_noop
lt_cv_to_tool_file_cmd=func_convert_file_noop
lt_cv_truncate_bin='/usr/bin/dd bs=4096 count=1'

## ----------------- ##
## Output variables. ##
## ----------------- ##

ACLOCAL='${SHELL} '\''/diska/home/moonmgr/PipelineLibrary/pack2/esorex-3.13.5/admin/missing'\'' aclocal-1.16'
AMDEPBACKSLASH='\'
AMDEP_FALSE='#'
AMDEP_TRUE=''
AMTAR='$${TAR-tar}'
AM_BACKSLASH='\'
AM_DEFAULT_V='$(AM_DEFAULT_VERBOSITY)'
AM_DEFAULT_VERBOSITY='1'
AM_V='$(V)'
AR='ar'
AUTOCONF='${SHELL} '\''/diska/home/moonmgr/PipelineLibrary/pack2/esorex-3.13.5/admin/missing'\'' autoconf'
AUTOHEADER='${SHELL} '\''/diska/home/moonmgr/PipelineLibrary/pack2/esorex-3.13.5/admin/missing'\'' autoheader'
AUTOMAKE='${SHELL} '\''/diska/home/moonmgr/PipelineLibrary/pack2/esorex-3.13.5/admin/missing'\'' automake-1.16'
AVCALL_INCLUDES=''
AWK='gawk'
CC='gcc -std=gnu11'
CCDEPMODE='depmode=gcc3'
CFLAGS='-g -O2 -std=c99'
CONVENIENCE_LTDL_FALSE='#'
CONVENIENCE_LTDL_TRUE=''
CPL_CFLAGS='-I/usr/include/cpl -I/usr/include'
CPL_INCLUDES='-I/usr/include/cpl -I/usr/include'
CPL_LDFLAGS=''
CPP='gcc -std=gnu11 -E'
CPPFLAGS=' -D_POSIX_C_SOURCE=200809L -D_XOPEN_SOURCE=500'
CXX='g++'
CXXCPP='g++ -E'
CXXDEPMODE='depmode=gcc3'
CXXFLAGS='-g -O2'
CX_CFLAGS='-I/usr/include/cext -I/usr/include'
CX_INCLUDES='-I/usr/include/cext -I/usr/include'
CX_LDFLAGS=''
CYGPATH_W='echo'
DEFS='-DHAVE_CONFIG_H'
DEPDIR='.deps'
DLLTOOL='false'
DOXYGEN='/usr/bin/doxygen'
DSYMUTIL=''
DUMPBIN=''
ECHO_C=''
ECHO_N='-n'
ECHO_T=''
EGREP='/usr/bin/grep -E'
ENABLE_PYTHON_RECIPES_FALSE=''
ENABLE_PYTHON_RECIPES_TRUE='#'
ESO_DEBUG_FLAGS='-DNDEBUG'
EXEEXT=''
FFI_INCLUDES=''
FFI_LDFLAGS=''
FGREP='/usr/bin/grep -F'
GETOPT=''
GREP='/usr/bin/grep'
HAVE_LIBAVCALL_FALSE=''
HAVE_LIBAVCALL_TRUE='#'
HAVE_LIBFFI_FALSE=''
HAVE_LIBFFI_TRUE='#'
INCLTDL=''
INSTALL_DATA='${INSTALL} -m 644'
INSTALL_LTDL_FALSE=''
INSTALL_LTDL_TRUE='#'
INSTALL_PROGRAM='${INSTALL}'
INSTALL_SCRIPT='${INSTALL}'
INSTALL_STRIP_PROGRAM='$(install_sh) -c -s'
LATEX='/usr/bin/latex'
LD='/usr/bin/ld -m elf_x86_64'
LDFLAGS=''
LIBADD_DL='-ldl '
LIBADD_DLD_LINK=''
LIBADD_DLOPEN='-ldl'
LIBADD_SHL_LOAD=''
LIBAVCALL=''
LIBCEXT='-lcext -lpthread'
LIBCPLCORE='-lcplcore'
LIBCPLDFS='-lcpldfs'
LIBCPLDRS='-lcpldrs'
LIBCPLUI='-lcplui'
LIBFFI=''
LIBLTDL='-lltdl'
LIBOBJS=''
LIBS=' -lnsl'
LIBTOOL='$(SHELL) $(top_builddir)/libtool'
LIBTOOL_DEPS='./admin//ltmain.sh'
LIPO=''
LN_S='ln -s'
LTDLDEPS=''
LTDLINCL=''
LTDLOPEN='libltdl'
LTLIBOBJS=''
LT_ARGZ_H=''
LT_CONFIG_H='config.h'
LT_DLLOADERS=' libltdl/dlopen.la'
LT_DLPREOPEN='-dlpreopen libltdl/dlopen.la '
LT_SYS_LIBRARY_PATH=''
MAINT='#'
MAINTAINER_MODE_FALSE=''
MAINTAINER_MODE_TRUE='#'
MAKEINFO='${SHELL} '\''/diska/home/moonmgr/PipelineLibrary/pack2/esorex-3.13.5/admin/missing'\'' makeinfo'
MANIFEST_TOOL=':'
MKDIR_P='/usr/bin/mkdir -p'
NM='/usr/bin/nm -B'
NMEDIT=''
OBJDUMP='objdump'
OBJEXT='o'
OTOOL64=''
OTOOL=''
PACKAGE='esorex'
PACKAGE_BUGREPORT='cpl-help@eso.org'
PACKAGE_NAME='ESO Recipe Execution Tool'
PACKAGE_STRING='ESO Recipe Execution Tool 3.13.5'
PACKAGE_TARNAME='esorex'
PACKAGE_URL=''
PACKAGE_VERSION='3.13.5'
PATH_SEPARATOR=':'
PKGCONFIG='pkg-config'
RANLIB='ranlib'
SED='/usr/bin/sed'
SET_MAKE=''
SHELL='/bin/sh'
STRIP='strip'
VERSION='3.13.5'
ac_ct_AR='ar'
ac_ct_CC='gcc'
ac_ct_CXX='g++'
ac_ct_DUMPBIN=''
am__EXEEXT_FALSE=''
am__EXEEXT_TRUE='#'
am__fastdepCC_FALSE='#'
am__fastdepCC_TRUE=''
am__fastdepCXX_FALSE='#'
am__fastdepCXX_TRUE=''
am__include='include'
am__isrc=''
am__leading_dot='.'
am__nodep='_no'
am__quote=''
am__tar='$${TAR-tar} chof - "$$tardir"'
am__untar='$${TAR-tar} xf -'
apidocdir='${datadir}/doc/${PACKAGE}/html'
bashcompdir='/diska/home/moonmgr/qllib/share/bash-completion/completions'
bindir='${exec_prefix}/bin'
build='x86_64-pc-linux-gnu'
build_alias=''
build_cpu='x86_64'
build_os='linux-gnu'
build_vendor='pc'
configdir='${datadir}/${PACKAGE}/config'
datadir='${datarootdir}'
datarootdir='${prefix}/share'
docdir='${datarootdir}/doc/${PACKAGE_TARNAME}'
dvidir='${docdir}'
exec_prefix='/diska/home/moonmgr/qllib'
host='x86_64-pc-linux-gnu'
host_alias=''
host_cpu='x86_64'
host_os='linux-gnu'
host_vendor='pc'
htmldir='${docdir}'
includedir='${prefix}/include'
infodir='${datarootdir}/info'
install_sh='${SHELL} /diska/home/moonmgr/PipelineLibrary/pack2/esorex-3.13.5/admin/install-sh'
libdir='${exec_prefix}/lib'
libexecdir='${exec_prefix}/libexec'
localedir='${datarootdir}/locale'
localstatedir='${prefix}/var'
ltdl_LIBOBJS=' lt__strl.o'
ltdl_LTLIBOBJS=' lt__strl.lo'
mandir='${datarootdir}/man'
mkdir_p='$(MKDIR_P)'
oldincludedir='/usr/include'
pdfdir='${docdir}'
prefix='/diska/home/moonmgr/qllib'
program_transform_name='s,x,x,'
psdir='${docdir}'
recipedir='/diska/home/moonmgr/qllib/lib'
runstatedir='${localstatedir}/run'
sbindir='${exec_prefix}/sbin'
sharedstatedir='${prefix}/com'
subdirs=' libltdl'
sys_symbol_underscore='no'
sysconfdir='${prefix}/etc'
target='x86_64-pc-linux-gnu'
target_alias=''
target_cpu='x86_64'
target_os='linux-gnu'
target_vendor='pc'

## ----------- ##
## confdefs.h. ##
## ----------- ##

/* confdefs.h */
#define PACKAGE_NAME "ESO Recipe Execution Tool"
#define PACKAGE_TARNAME "esorex"
#define PACKAGE_VERSION "3.13.5"
#define PACKAGE_STRING "ESO Recipe Execution Tool 3.13.5"
#define PACKAGE_BUGREPORT "cpl-help@eso.org"
#define PACKAGE_URL ""
#define PACKAGE "esorex"
#define VERSION "3.13.5"
#define HAVE_STDIO_H 1
#define HAVE_STDLIB_H 1
#define HAVE_STRING_H 1
#define HAVE_INTTYPES_H 1
#define HAVE_STDINT_H 1
#define HAVE_STRINGS_H 1
#define HAVE_SYS_STAT_H 1
#define HAVE_SYS_TYPES_H 1
#define HAVE_UNISTD_H 1
#define STDC_HEADERS 1
#define HAVE_DLFCN_H 1
#define LT_OBJDIR ".libs/"
#define LT_MODULE_EXT ".so"
#define LT_MODULE_PATH_VAR "LD_LIBRARY_PATH"
#define LT_DLSEARCH_PATH "/lib:/usr/lib:/opt/aravis/lib64/:/usr/lib64/atlas:/usr/lib64//bind9-export/:/usr/lib64/dyninst:/usr/lib64/iscsi:/usr/lib64/mysql:/usr/lib64/octave/3.8.2:/opt/open62541/lib:/usr/lib64/qt-3.3/lib:/opt/sybase/OCS-15_0/lib:/usr/lib64/tcl8.5/tclx8.4:/usr/lib64/xulrunner:/vlt/VLT2020/tcltk/lib64:/vlt/VLT2020/CCSLite/lib64"
#define HAVE_LIBDL 1
#define HAVE_DLERROR 1
#define HAVE_LIBDLLOADER 1
#define HAVE_ARGZ_H 1
#define HAVE_ERROR_T 1
#define HAVE_ARGZ_ADD 1
#define HAVE_ARGZ_APPEND 1
#define HAVE_ARGZ_COUNT 1
#define HAVE_ARGZ_CREATE_SEP 1
#define HAVE_ARGZ_INSERT 1
#define HAVE_ARGZ_NEXT 1
#define HAVE_ARGZ_STRINGIFY 1
#define HAVE_WORKING_ARGZ 1
#define HAVE_PRELOADED_SYMBOLS 1
#define HAVE_LTDL 1
#define HAVE_UNISTD_H 1
#define HAVE_DIRENT_H 1
#define HAVE_CLOSEDIR 1
#define HAVE_OPENDIR 1
#define HAVE_READDIR 1
#define LT_LIBEXT "a"
#define LT_LIBPREFIX "lib"
#define HAVE_DIRENT_H 1
#define HAVE_FCNTL_H 1
#define HAVE_STDLIB_H 1
#define HAVE_STRING_H 1
#define HAVE_UNISTD_H 1
#define HAVE_SYS_STAT_H 1
#define HAVE_SYS_TYPES_H 1
#define HAVE_PWD_H 1
#define HAVE_STRUCT_STAT_ST_BLKSIZE 1
#define HAVE_ST_BLKSIZE 1
#define LSTAT_FOLLOWS_SLASHED_SYMLINK 1
#define HAVE_GETCWD 1
#define HAVE_SYMLINK 1
#define HAVE_LSTAT 1
#define HAVE_GETOPT_LONG_ONLY 1
#define LT_MODULE_EXT ".so"

configure: exit 0
